Using pre-set license
Built from '2022.3/staging' branch; Version is '2022.3.29f1 (8d510ca76d2b) revision 9261324'; Using compiler version '192829333'; Build Type 'Release'
OS: 'Windows 11  (10.0.22631) 64bit Professional' Language: 'ru' Physical Memory: 20251 MB
BatchMode: 1, IsHumanControllingUs: 0, StartBugReporterOnCrash: 0, Is64bit: 1, IsPro: 1

COMMAND LINE ARGUMENTS:
C:\Program Files\Unity\Hub\Editor\2022.3.29f1\Editor\Unity.exe
-adb2
-batchMode
-noUpm
-name
AssetImportWorker0
-projectPath
C:/Users/akolo/Unity projects/Farmers-delight
-logFile
Logs/AssetImportWorker0.log
-srvPort
52645
Successfully changed project path to: C:/Users/akolo/Unity projects/Farmers-delight
C:/Users/akolo/Unity projects/Farmers-delight
[UnityMemory] Configuration Parameters - Can be set up in boot.config
    "memorysetup-bucket-allocator-granularity=16"
    "memorysetup-bucket-allocator-bucket-count=8"
    "memorysetup-bucket-allocator-block-size=33554432"
    "memorysetup-bucket-allocator-block-count=8"
    "memorysetup-main-allocator-block-size=16777216"
    "memorysetup-thread-allocator-block-size=16777216"
    "memorysetup-gfx-main-allocator-block-size=16777216"
    "memorysetup-gfx-thread-allocator-block-size=16777216"
    "memorysetup-cache-allocator-block-size=4194304"
    "memorysetup-typetree-allocator-block-size=2097152"
    "memorysetup-profiler-bucket-allocator-granularity=16"
    "memorysetup-profiler-bucket-allocator-bucket-count=8"
    "memorysetup-profiler-bucket-allocator-block-size=33554432"
    "memorysetup-profiler-bucket-allocator-block-count=8"
    "memorysetup-profiler-allocator-block-size=16777216"
    "memorysetup-profiler-editor-allocator-block-size=1048576"
    "memorysetup-temp-allocator-size-main=16777216"
    "memorysetup-job-temp-allocator-block-size=2097152"
    "memorysetup-job-temp-allocator-block-size-background=1048576"
    "memorysetup-job-temp-allocator-reduction-small-platforms=262144"
    "memorysetup-allocator-temp-initial-block-size-main=262144"
    "memorysetup-allocator-temp-initial-block-size-worker=262144"
    "memorysetup-temp-allocator-size-background-worker=32768"
    "memorysetup-temp-allocator-size-job-worker=262144"
    "memorysetup-temp-allocator-size-preload-manager=33554432"
    "memorysetup-temp-allocator-size-nav-mesh-worker=65536"
    "memorysetup-temp-allocator-size-audio-worker=65536"
    "memorysetup-temp-allocator-size-cloud-worker=32768"
    "memorysetup-temp-allocator-size-gi-baking-worker=262144"
    "memorysetup-temp-allocator-size-gfx=262144"
Player connection [20264] Host "[IP] 192.168.56.1 [Port] 0 [Flags] 2 [Guid] 2758339218 [EditorId] 2758339218 [Version] 1048832 [Id] WindowsEditor(7,DESKTOP-OV5KD8U) [Debug] 1 [PackageName] WindowsEditor [ProjectName] Editor" joined multi-casting on [225.0.0.222:54997]...

Player connection [20264] Host "[IP] 192.168.56.1 [Port] 0 [Flags] 2 [Guid] 2758339218 [EditorId] 2758339218 [Version] 1048832 [Id] WindowsEditor(7,DESKTOP-OV5KD8U) [Debug] 1 [PackageName] WindowsEditor [ProjectName] Editor" joined alternative multi-casting on [225.0.0.222:34997]...

[Physics::Module] Initialized MultithreadedJobDispatcher with 7 workers.
Refreshing native plugins compatible for Editor in 28.36 ms, found 2 plugins.
Preloading 0 native plugins for Editor in 0.00 ms.
Initialize engine version: 2022.3.29f1 (8d510ca76d2b)
[Subsystems] Discovering subsystems at path C:/Program Files/Unity/Hub/Editor/2022.3.29f1/Editor/Data/Resources/UnitySubsystems
[Subsystems] Discovering subsystems at path C:/Users/akolo/Unity projects/Farmers-delight/Assets
GfxDevice: creating device client; threaded=0; jobified=0
Direct3D:
    Version:  Direct3D 11.0 [level 11.1]
    Renderer: NVIDIA GeForce GTX 1650 (ID=0x1f99)
    Vendor:   NVIDIA
    VRAM:     3937 MB
    Driver:   32.0.15.5613
Shader 'MoreMountains/MMRipple': fallback shader 'Particle/AlphaBlended' not found
Initialize mono
Mono path[0] = 'C:/Program Files/Unity/Hub/Editor/2022.3.29f1/Editor/Data/Managed'
Mono path[1] = 'C:/Program Files/Unity/Hub/Editor/2022.3.29f1/Editor/Data/MonoBleedingEdge/lib/mono/unityjit-win32'
Mono config path = 'C:/Program Files/Unity/Hub/Editor/2022.3.29f1/Editor/Data/MonoBleedingEdge/etc'
Using monoOptions --debugger-agent=transport=dt_socket,embedding=1,server=y,suspend=n,address=127.0.0.1:56592
Begin MonoManager ReloadAssembly
Registering precompiled unity dll's ...
Register platform support module: C:/Program Files/Unity/Hub/Editor/2022.3.29f1/Editor/Data/PlaybackEngines/WebGLSupport/UnityEditor.WebGL.Extensions.dll
Register platform support module: C:/Program Files/Unity/Hub/Editor/2022.3.29f1/Editor/Data/PlaybackEngines/AndroidPlayer/UnityEditor.Android.Extensions.dll
Register platform support module: C:/Program Files/Unity/Hub/Editor/2022.3.29f1/Editor/Data/PlaybackEngines/WindowsStandaloneSupport/UnityEditor.WindowsStandalone.Extensions.dll
Registered in 0.017479 seconds.
- Loaded All Assemblies, in  0.836 seconds
Native extension for WindowsStandalone target not found
Native extension for Android target not found
Android Extension - Scanning For ADB Devices 1815 ms
Native extension for WebGL target not found
Mono: successfully reloaded assembly
- Finished resetting the current domain, in  3.025 seconds
Domain Reload Profiling: 3857ms
	BeginReloadAssembly (222ms)
		ExecutionOrderSort (0ms)
		DisableScriptedObjects (0ms)
		BackupInstance (0ms)
		ReleaseScriptingObjects (0ms)
		CreateAndSetChildDomain (1ms)
	RebuildCommonClasses (78ms)
	RebuildNativeTypeToScriptingClass (25ms)
	initialDomainReloadingComplete (132ms)
	LoadAllAssembliesAndSetupDomain (373ms)
		LoadAssemblies (223ms)
		RebuildTransferFunctionScriptingTraits (0ms)
		AnalyzeDomain (367ms)
			TypeCache.Refresh (365ms)
				TypeCache.ScanAssembly (335ms)
			ScanForSourceGeneratedMonoScriptInfo (1ms)
			ResolveRequiredComponents (1ms)
	FinalizeReload (3026ms)
		ReleaseScriptCaches (0ms)
		RebuildScriptCaches (0ms)
		SetupLoadedEditorAssemblies (2798ms)
			LogAssemblyErrors (0ms)
			InitializePlatformSupportModulesInManaged (2237ms)
			SetLoadedEditorAssemblies (10ms)
			RefreshPlugins (0ms)
			BeforeProcessingInitializeOnLoad (6ms)
			ProcessInitializeOnLoadAttributes (295ms)
			ProcessInitializeOnLoadMethodAttributes (250ms)
			AfterProcessingInitializeOnLoad (0ms)
			EditorAssembliesLoaded (0ms)
		ExecutionOrderSort2 (0ms)
		AwakeInstancesAfterBackupRestoration (0ms)
========================================================================
Worker process is ready to serve import requests
Begin MonoManager ReloadAssembly
Symbol file LoadedFromMemory is not a mono symbol file
- Loaded All Assemblies, in  1.468 seconds
Refreshing native plugins compatible for Editor in 20.93 ms, found 2 plugins.
Native extension for WindowsStandalone target not found
Native extension for Android target not found
Native extension for WebGL target not found
Package Manager log level set to [2]
[Package Manager] Server::EnsureServerProcessIsRunning -- launch failed, reason: Unity was launched with the -noUpm command-line argument
[Package Manager] UpmClient::Send -- Unable to send message (not connected to UPM process).
[Package Manager] Cannot connect to Unity Package Manager local server
Mono: successfully reloaded assembly
- Finished resetting the current domain, in  1.638 seconds
Domain Reload Profiling: 3096ms
	BeginReloadAssembly (270ms)
		ExecutionOrderSort (0ms)
		DisableScriptedObjects (10ms)
		BackupInstance (0ms)
		ReleaseScriptingObjects (0ms)
		CreateAndSetChildDomain (45ms)
	RebuildCommonClasses (66ms)
	RebuildNativeTypeToScriptingClass (21ms)
	initialDomainReloadingComplete (57ms)
	LoadAllAssembliesAndSetupDomain (1044ms)
		LoadAssemblies (735ms)
		RebuildTransferFunctionScriptingTraits (0ms)
		AnalyzeDomain (462ms)
			TypeCache.Refresh (356ms)
				TypeCache.ScanAssembly (307ms)
			ScanForSourceGeneratedMonoScriptInfo (64ms)
			ResolveRequiredComponents (42ms)
	FinalizeReload (1639ms)
		ReleaseScriptCaches (0ms)
		RebuildScriptCaches (0ms)
		SetupLoadedEditorAssemblies (1241ms)
			LogAssemblyErrors (0ms)
			InitializePlatformSupportModulesInManaged (44ms)
			SetLoadedEditorAssemblies (8ms)
			RefreshPlugins (0ms)
			BeforeProcessingInitializeOnLoad (157ms)
			ProcessInitializeOnLoadAttributes (594ms)
			ProcessInitializeOnLoadMethodAttributes (426ms)
			AfterProcessingInitializeOnLoad (11ms)
			EditorAssembliesLoaded (1ms)
		ExecutionOrderSort2 (0ms)
		AwakeInstancesAfterBackupRestoration (14ms)
Shader 'MoreMountains/MMRipple': fallback shader 'Particle/AlphaBlended' not found
Launched and connected shader compiler UnityShaderCompiler.exe after 0.11 seconds
Refreshing native plugins compatible for Editor in 29.11 ms, found 2 plugins.
Preloading 0 native plugins for Editor in 0.00 ms.
Unloading 5804 Unused Serialized files (Serialized files now loaded: 0)
Unloading 133 unused Assets / (2.5 MB). Loaded Objects now: 6237.
Memory consumption went from 382.2 MB to 379.7 MB.
Total: 29.415900 ms (FindLiveObjects: 1.341700 ms CreateObjectMapping: 1.198500 ms MarkObjects: 21.017200 ms  DeleteObjects: 5.855700 ms)

AssetImportParameters requested are different than current active one (requested -> active):
  custom:container-demuxer-ogg: 62fdf1f143b41e24485cea50d1cbac27 -> 
  custom:video-codec-MediaFoundation-h265: 746d11721c4dcdbdad8f713fa42b33f4 -> 
  custom:video-decoder-ogg-theora: a1e56fd34408186e4bbccfd4996cb3dc -> 
  custom:framework-win-MediaFoundation: 216162199b28c13a410421893ffa2e32 -> 
  custom:CustomObjectIndexerAttribute: 3ead1caaecf1c488f20bcfeb224b6af5 -> 
  custom:container-demuxer-webm: 4f35f7cbe854078d1ac9338744f61a02 -> 
  custom:container-muxer-webm: aa71ff27fc2769a1b78a27578f13a17b -> 
  custom:video-decoder-webm-vp8: 9c59270c3fd7afecdb556c50c9e8de78 -> 
  custom:SearchIndexIgnoredProperties: e643bd26f0fe6173181afceb89e7c659 -> 
  custom:AudioImporter_EditorPlatform: d09bf68614088b80899f8185d706f6e7 -> 
  custom:video-encoder-webm-vp8: eb34c28f22e8b96e1ab97ce403110664 -> 
  custom:audio-decoder-ogg-vorbis: bf7c407c2cedff20999df2af8eb42d56 -> 
  custom:audio-encoder-webm-vorbis: bf7c407c2cedff20999df2af8eb42d56 -> 
========================================================================
Received Import Request.
  Time since last request: 33558.620023 seconds.
  path: Assets/UniversalRenderPipelineGlobalSettings.asset
  artifactKey: Guid(1a3ca9c3a63d9d942bea80c1c55fe2fb) Importer(815301076,1909f56bfc062723c751e8b465ee728b)
Start importing Assets/UniversalRenderPipelineGlobalSettings.asset using Guid(1a3ca9c3a63d9d942bea80c1c55fe2fb) Importer(815301076,1909f56bfc062723c751e8b465ee728b)  -> (artifact id: '90f7f9dc73993a35ea7f0d0f67aaffb6') in 0.028247 seconds
Number of updated asset objects reloaded before import = 0
Number of asset objects unloaded after import = 1
========================================================================
Received Prepare
Begin MonoManager ReloadAssembly
Symbol file LoadedFromMemory is not a mono symbol file
- Loaded All Assemblies, in  1.593 seconds
Refreshing native plugins compatible for Editor in 15.43 ms, found 2 plugins.
Native extension for WindowsStandalone target not found
Native extension for Android target not found
Native extension for WebGL target not found
[Package Manager] Server::EnsureServerProcessIsRunning -- launch failed, reason: Unity was launched with the -noUpm command-line argument
[Package Manager] UpmClient::Send -- Unable to send message (not connected to UPM process).
[Package Manager] Cannot connect to Unity Package Manager local server
Mono: successfully reloaded assembly
- Finished resetting the current domain, in  1.587 seconds
Domain Reload Profiling: 3175ms
	BeginReloadAssembly (964ms)
		ExecutionOrderSort (0ms)
		DisableScriptedObjects (8ms)
		BackupInstance (0ms)
		ReleaseScriptingObjects (0ms)
		CreateAndSetChildDomain (63ms)
	RebuildCommonClasses (57ms)
	RebuildNativeTypeToScriptingClass (14ms)
	initialDomainReloadingComplete (44ms)
	LoadAllAssembliesAndSetupDomain (508ms)
		LoadAssemblies (511ms)
		RebuildTransferFunctionScriptingTraits (0ms)
		AnalyzeDomain (92ms)
			TypeCache.Refresh (23ms)
				TypeCache.ScanAssembly (5ms)
			ScanForSourceGeneratedMonoScriptInfo (32ms)
			ResolveRequiredComponents (35ms)
	FinalizeReload (1588ms)
		ReleaseScriptCaches (0ms)
		RebuildScriptCaches (0ms)
		SetupLoadedEditorAssemblies (727ms)
			LogAssemblyErrors (0ms)
			InitializePlatformSupportModulesInManaged (33ms)
			SetLoadedEditorAssemblies (4ms)
			RefreshPlugins (0ms)
			BeforeProcessingInitializeOnLoad (105ms)
			ProcessInitializeOnLoadAttributes (344ms)
			ProcessInitializeOnLoadMethodAttributes (232ms)
			AfterProcessingInitializeOnLoad (8ms)
			EditorAssembliesLoaded (0ms)
		ExecutionOrderSort2 (0ms)
		AwakeInstancesAfterBackupRestoration (7ms)
Shader 'MoreMountains/MMRipple': fallback shader 'Particle/AlphaBlended' not found
Refreshing native plugins compatible for Editor in 13.50 ms, found 2 plugins.
Preloading 0 native plugins for Editor in 0.00 ms.
Unloading 5663 Unused Serialized files (Serialized files now loaded: 0)
Unloading 125 unused Assets / (2.5 MB). Loaded Objects now: 6241.
Memory consumption went from 348.2 MB to 345.6 MB.
Total: 9.982600 ms (FindLiveObjects: 1.378200 ms CreateObjectMapping: 0.709600 ms MarkObjects: 7.110000 ms  DeleteObjects: 0.782800 ms)

Prepare: number of updated asset objects reloaded= 0
AssetImportParameters requested are different than current active one (requested -> active):
  custom:container-demuxer-ogg: 62fdf1f143b41e24485cea50d1cbac27 -> 
  custom:video-codec-MediaFoundation-h265: 746d11721c4dcdbdad8f713fa42b33f4 -> 
  custom:video-decoder-ogg-theora: a1e56fd34408186e4bbccfd4996cb3dc -> 
  custom:framework-win-MediaFoundation: 216162199b28c13a410421893ffa2e32 -> 
  custom:CustomObjectIndexerAttribute: 3ead1caaecf1c488f20bcfeb224b6af5 -> 
  custom:container-demuxer-webm: 4f35f7cbe854078d1ac9338744f61a02 -> 
  custom:container-muxer-webm: aa71ff27fc2769a1b78a27578f13a17b -> 
  custom:video-decoder-webm-vp8: 9c59270c3fd7afecdb556c50c9e8de78 -> 
  custom:SearchIndexIgnoredProperties: e643bd26f0fe6173181afceb89e7c659 -> 
  custom:AudioImporter_EditorPlatform: d09bf68614088b80899f8185d706f6e7 -> 
  custom:video-encoder-webm-vp8: eb34c28f22e8b96e1ab97ce403110664 -> 
  custom:audio-decoder-ogg-vorbis: bf7c407c2cedff20999df2af8eb42d56 -> 
  custom:audio-encoder-webm-vorbis: bf7c407c2cedff20999df2af8eb42d56 -> 
========================================================================
Received Prepare
Begin MonoManager ReloadAssembly
Symbol file LoadedFromMemory is not a mono symbol file
- Loaded All Assemblies, in  1.730 seconds
Refreshing native plugins compatible for Editor in 11.54 ms, found 2 plugins.
Native extension for WindowsStandalone target not found
Native extension for Android target not found
Native extension for WebGL target not found
[Package Manager] Server::EnsureServerProcessIsRunning -- launch failed, reason: Unity was launched with the -noUpm command-line argument
[Package Manager] UpmClient::Send -- Unable to send message (not connected to UPM process).
[Package Manager] Cannot connect to Unity Package Manager local server
Mono: successfully reloaded assembly
- Finished resetting the current domain, in  1.688 seconds
Domain Reload Profiling: 3411ms
	BeginReloadAssembly (1223ms)
		ExecutionOrderSort (0ms)
		DisableScriptedObjects (6ms)
		BackupInstance (0ms)
		ReleaseScriptingObjects (0ms)
		CreateAndSetChildDomain (75ms)
	RebuildCommonClasses (42ms)
	RebuildNativeTypeToScriptingClass (14ms)
	initialDomainReloadingComplete (39ms)
	LoadAllAssembliesAndSetupDomain (405ms)
		LoadAssemblies (423ms)
		RebuildTransferFunctionScriptingTraits (0ms)
		AnalyzeDomain (79ms)
			TypeCache.Refresh (23ms)
				TypeCache.ScanAssembly (3ms)
			ScanForSourceGeneratedMonoScriptInfo (24ms)
			ResolveRequiredComponents (31ms)
	FinalizeReload (1689ms)
		ReleaseScriptCaches (0ms)
		RebuildScriptCaches (0ms)
		SetupLoadedEditorAssemblies (804ms)
			LogAssemblyErrors (0ms)
			InitializePlatformSupportModulesInManaged (30ms)
			SetLoadedEditorAssemblies (4ms)
			RefreshPlugins (0ms)
			BeforeProcessingInitializeOnLoad (102ms)
			ProcessInitializeOnLoadAttributes (355ms)
			ProcessInitializeOnLoadMethodAttributes (303ms)
			AfterProcessingInitializeOnLoad (10ms)
			EditorAssembliesLoaded (0ms)
		ExecutionOrderSort2 (0ms)
		AwakeInstancesAfterBackupRestoration (8ms)
Shader 'MoreMountains/MMRipple': fallback shader 'Particle/AlphaBlended' not found
Refreshing native plugins compatible for Editor in 11.31 ms, found 2 plugins.
Preloading 0 native plugins for Editor in 0.00 ms.
Unloading 5663 Unused Serialized files (Serialized files now loaded: 0)
Unloading 125 unused Assets / (2.6 MB). Loaded Objects now: 6244.
Memory consumption went from 348.2 MB to 345.7 MB.
Total: 6.913400 ms (FindLiveObjects: 0.427300 ms CreateObjectMapping: 0.443000 ms MarkObjects: 5.304700 ms  DeleteObjects: 0.737300 ms)

Prepare: number of updated asset objects reloaded= 0
AssetImportParameters requested are different than current active one (requested -> active):
  custom:container-demuxer-ogg: 62fdf1f143b41e24485cea50d1cbac27 -> 
  custom:video-codec-MediaFoundation-h265: 746d11721c4dcdbdad8f713fa42b33f4 -> 
  custom:video-decoder-ogg-theora: a1e56fd34408186e4bbccfd4996cb3dc -> 
  custom:framework-win-MediaFoundation: 216162199b28c13a410421893ffa2e32 -> 
  custom:CustomObjectIndexerAttribute: 3ead1caaecf1c488f20bcfeb224b6af5 -> 
  custom:container-demuxer-webm: 4f35f7cbe854078d1ac9338744f61a02 -> 
  custom:container-muxer-webm: aa71ff27fc2769a1b78a27578f13a17b -> 
  custom:video-decoder-webm-vp8: 9c59270c3fd7afecdb556c50c9e8de78 -> 
  custom:SearchIndexIgnoredProperties: e643bd26f0fe6173181afceb89e7c659 -> 
  custom:AudioImporter_EditorPlatform: d09bf68614088b80899f8185d706f6e7 -> 
  custom:video-encoder-webm-vp8: eb34c28f22e8b96e1ab97ce403110664 -> 
  custom:audio-decoder-ogg-vorbis: bf7c407c2cedff20999df2af8eb42d56 -> 
  custom:audio-encoder-webm-vorbis: bf7c407c2cedff20999df2af8eb42d56 -> 
========================================================================
Received Import Request.
  Time since last request: 108.165571 seconds.
  path: Assets/Resources/Multiplayer/Player.prefab
  artifactKey: Guid(a91f45b848c2f0043ac383f8c871f4d3) Importer(815301076,1909f56bfc062723c751e8b465ee728b)
Start importing Assets/Resources/Multiplayer/Player.prefab using Guid(a91f45b848c2f0043ac383f8c871f4d3) Importer(815301076,1909f56bfc062723c751e8b465ee728b)  -> (artifact id: '6c3131934ddfd949f68a193074c64717') in 0.299291 seconds
Number of updated asset objects reloaded before import = 0
Number of asset objects unloaded after import = 272
========================================================================
Received Import Request.
  Time since last request: 7.806101 seconds.
  path: Assets/Resources/Prefabs/Amber.prefab
  artifactKey: Guid(4fe84e946c5820c40a1249b4376b4229) Importer(815301076,1909f56bfc062723c751e8b465ee728b)
Start importing Assets/Resources/Prefabs/Amber.prefab using Guid(4fe84e946c5820c40a1249b4376b4229) Importer(815301076,1909f56bfc062723c751e8b465ee728b)  -> (artifact id: 'b1a8d2ddbe5189cf5bb6a23322b55dd2') in 0.017281 seconds
Number of updated asset objects reloaded before import = 0
Number of asset objects unloaded after import = 17
========================================================================
Received Import Request.
  Time since last request: 0.000016 seconds.
  path: Assets/Resources/Prefabs/DefObj.prefab
  artifactKey: Guid(4498d93a081713a40bd5e47514316928) Importer(815301076,1909f56bfc062723c751e8b465ee728b)
Start importing Assets/Resources/Prefabs/DefObj.prefab using Guid(4498d93a081713a40bd5e47514316928) Importer(815301076,1909f56bfc062723c751e8b465ee728b)  -> (artifact id: '52a9df6a210ef2cc4db0c12555dd871b') in 0.019995 seconds
Number of updated asset objects reloaded before import = 0
Number of asset objects unloaded after import = 54
========================================================================
Received Import Request.
  Time since last request: 0.000023 seconds.
  path: Assets/Resources/Prefabs/Level.prefab
  artifactKey: Guid(171000e49d1c7cc469a031408c56f91f) Importer(815301076,1909f56bfc062723c751e8b465ee728b)
Start importing Assets/Resources/Prefabs/Level.prefab using Guid(171000e49d1c7cc469a031408c56f91f) Importer(815301076,1909f56bfc062723c751e8b465ee728b)  -> (artifact id: '3c3746ac00e3d8e7983460dc725ff684') in 0.156282 seconds
Number of updated asset objects reloaded before import = 0
Number of asset objects unloaded after import = 529
========================================================================
Received Import Request.
  Time since last request: 0.000028 seconds.
  path: Assets/Resources/Prefabs/SpawnSmoke.prefab
  artifactKey: Guid(6d7296e00e6e88746bb81158016985bc) Importer(815301076,1909f56bfc062723c751e8b465ee728b)
Start importing Assets/Resources/Prefabs/SpawnSmoke.prefab using Guid(6d7296e00e6e88746bb81158016985bc) Importer(815301076,1909f56bfc062723c751e8b465ee728b)  -> (artifact id: 'c63c4e867a3b01687f9417c73451031d') in 0.020485 seconds
Number of updated asset objects reloaded before import = 0
Number of asset objects unloaded after import = 6
========================================================================
Received Import Request.
  Time since last request: 0.000024 seconds.
  path: Assets/Resources/Prefabs/sign melee.prefab
  artifactKey: Guid(f2b63f4dc5de20645882d34e77375200) Importer(815301076,1909f56bfc062723c751e8b465ee728b)
Start importing Assets/Resources/Prefabs/sign melee.prefab using Guid(f2b63f4dc5de20645882d34e77375200) Importer(815301076,1909f56bfc062723c751e8b465ee728b)  -> (artifact id: 'f5216cd5691aa0e2fbae6b0d0ccc2c97') in 0.026328 seconds
Number of updated asset objects reloaded before import = 0
Number of asset objects unloaded after import = 81
========================================================================
Received Import Request.
  Time since last request: 0.000076 seconds.
  path: Assets/Resources/Prefabs/Sled.prefab
  artifactKey: Guid(69f51622502904947bf4326b5e2e0c98) Importer(815301076,1909f56bfc062723c751e8b465ee728b)
Start importing Assets/Resources/Prefabs/Sled.prefab using Guid(69f51622502904947bf4326b5e2e0c98) Importer(815301076,1909f56bfc062723c751e8b465ee728b)  -> (artifact id: 'c1141a435d8b7b7e661cb0d002a9b086') in 0.022572 seconds
Number of updated asset objects reloaded before import = 0
Number of asset objects unloaded after import = 6
========================================================================
Received Import Request.
  Time since last request: 0.000039 seconds.
  path: Assets/Resources/Prefabs/Spawner.prefab
  artifactKey: Guid(8577de6aa5d102447b92320ebbe22ac7) Importer(815301076,1909f56bfc062723c751e8b465ee728b)
Start importing Assets/Resources/Prefabs/Spawner.prefab using Guid(8577de6aa5d102447b92320ebbe22ac7) Importer(815301076,1909f56bfc062723c751e8b465ee728b)  -> (artifact id: '7b3c0415442e0bb138ff84c03ec519e5') in 0.004503 seconds
Number of updated asset objects reloaded before import = 0
Number of asset objects unloaded after import = 5
========================================================================
Received Import Request.
  Time since last request: 0.000016 seconds.
  path: Assets/Resources/Prefabs/MP Weapon Sale.prefab
  artifactKey: Guid(6e922024e1404684b8169520f639a3ce) Importer(815301076,1909f56bfc062723c751e8b465ee728b)
Start importing Assets/Resources/Prefabs/MP Weapon Sale.prefab using Guid(6e922024e1404684b8169520f639a3ce) Importer(815301076,1909f56bfc062723c751e8b465ee728b)  -> (artifact id: 'f59ed6b6ac04886cfac6289cb7c56257') in 0.032046 seconds
Number of updated asset objects reloaded before import = 0
Number of asset objects unloaded after import = 151
========================================================================
Received Import Request.
  Time since last request: 0.000028 seconds.
  path: Assets/Resources/Prefabs/Break.prefab
  artifactKey: Guid(d48a96bd450c15a42a78ee18af807b03) Importer(815301076,1909f56bfc062723c751e8b465ee728b)
Start importing Assets/Resources/Prefabs/Break.prefab using Guid(d48a96bd450c15a42a78ee18af807b03) Importer(815301076,1909f56bfc062723c751e8b465ee728b)  -> (artifact id: '67fcf28226e13835348b645349513155') in 0.015996 seconds
Number of updated asset objects reloaded before import = 0
Number of asset objects unloaded after import = 7
========================================================================
Received Import Request.
  Time since last request: 0.000026 seconds.
  path: Assets/Resources/Prefabs/MenuZombie.prefab
  artifactKey: Guid(213f66ee1a15c0740ad0e6162c9af81a) Importer(815301076,1909f56bfc062723c751e8b465ee728b)
Start importing Assets/Resources/Prefabs/MenuZombie.prefab using Guid(213f66ee1a15c0740ad0e6162c9af81a) Importer(815301076,1909f56bfc062723c751e8b465ee728b)  -> (artifact id: '73997379e64a6fe7f02bd5f610f4e139') in 0.019425 seconds
Number of updated asset objects reloaded before import = 0
Number of asset objects unloaded after import = 56
========================================================================
Received Import Request.
  Time since last request: 0.000018 seconds.
  path: Assets/Resources/Prefabs/Firework.prefab
  artifactKey: Guid(768dedc0e478cf245992d73ef44e9a72) Importer(815301076,1909f56bfc062723c751e8b465ee728b)
Start importing Assets/Resources/Prefabs/Firework.prefab using Guid(768dedc0e478cf245992d73ef44e9a72) Importer(815301076,1909f56bfc062723c751e8b465ee728b)  -> (artifact id: '84a28b6b99ae57f214b710da48bc4527') in 0.020600 seconds
Number of updated asset objects reloaded before import = 0
Number of asset objects unloaded after import = 6
========================================================================
Received Import Request.
  Time since last request: 5.005142 seconds.
  path: Assets/Resources/Multiplayer/Bullets
  artifactKey: Guid(a4c0b5e692b518949a975466930a0b69) Importer(815301076,1909f56bfc062723c751e8b465ee728b)
Start importing Assets/Resources/Multiplayer/Bullets using Guid(a4c0b5e692b518949a975466930a0b69) Importer(815301076,1909f56bfc062723c751e8b465ee728b)  -> (artifact id: 'b21625d93fe7382ae6199b0422b8fb37') in 0.000656 seconds
Number of updated asset objects reloaded before import = 0
Number of asset objects unloaded after import = 0
========================================================================
Received Import Request.
  Time since last request: 0.059783 seconds.
  path: Assets/Resources/Multiplayer/Bullets/FireThrowerBullet.prefab
  artifactKey: Guid(78770fb9d8c63e545aaf8caba8a90fe2) Importer(815301076,1909f56bfc062723c751e8b465ee728b)
Start importing Assets/Resources/Multiplayer/Bullets/FireThrowerBullet.prefab using Guid(78770fb9d8c63e545aaf8caba8a90fe2) Importer(815301076,1909f56bfc062723c751e8b465ee728b)  -> (artifact id: 'ca7f102fe59bda43e2dc518aac818714') in 0.024186 seconds
Number of updated asset objects reloaded before import = 0
Number of asset objects unloaded after import = 18
========================================================================
Received Import Request.
  Time since last request: 0.000033 seconds.
  path: Assets/Resources/Multiplayer/Bullets/Shotgun Bullet.prefab
  artifactKey: Guid(c0a2991c1837c954287fdced653eda2c) Importer(815301076,1909f56bfc062723c751e8b465ee728b)
Start importing Assets/Resources/Multiplayer/Bullets/Shotgun Bullet.prefab using Guid(c0a2991c1837c954287fdced653eda2c) Importer(815301076,1909f56bfc062723c751e8b465ee728b)  -> (artifact id: 'ec23a0a23a9fac22d0b2f8b77a9572d6') in 0.025861 seconds
Number of updated asset objects reloaded before import = 0
Number of asset objects unloaded after import = 79
========================================================================
Received Import Request.
  Time since last request: 0.000016 seconds.
  path: Assets/Resources/Multiplayer/Bullets/PistoletikBullet.prefab
  artifactKey: Guid(5f8f1e7027f58b8479263c7ca694f1b7) Importer(815301076,1909f56bfc062723c751e8b465ee728b)
Start importing Assets/Resources/Multiplayer/Bullets/PistoletikBullet.prefab using Guid(5f8f1e7027f58b8479263c7ca694f1b7) Importer(815301076,1909f56bfc062723c751e8b465ee728b)  -> (artifact id: '4ff1f3da1d3dbaf8cb2aadcecc4d5bfb') in 0.026039 seconds
Number of updated asset objects reloaded before import = 0
Number of asset objects unloaded after import = 24
========================================================================
Received Import Request.
  Time since last request: 0.000044 seconds.
  path: Assets/Resources/Multiplayer/Bullets/PythonBullet.prefab
  artifactKey: Guid(520477ae47a9c214ebd735a05013fb59) Importer(815301076,1909f56bfc062723c751e8b465ee728b)
Start importing Assets/Resources/Multiplayer/Bullets/PythonBullet.prefab using Guid(520477ae47a9c214ebd735a05013fb59) Importer(815301076,1909f56bfc062723c751e8b465ee728b)  -> (artifact id: '3bf826c1521a8d140418b9677c7b5f35') in 0.012549 seconds
Number of updated asset objects reloaded before import = 0
Number of asset objects unloaded after import = 24
========================================================================
Received Prepare
Begin MonoManager ReloadAssembly
Symbol file LoadedFromMemory is not a mono symbol file
- Loaded All Assemblies, in  2.081 seconds
Refreshing native plugins compatible for Editor in 14.91 ms, found 2 plugins.
Native extension for WindowsStandalone target not found
Native extension for Android target not found
Native extension for WebGL target not found
[Package Manager] Server::EnsureServerProcessIsRunning -- launch failed, reason: Unity was launched with the -noUpm command-line argument
[Package Manager] UpmClient::Send -- Unable to send message (not connected to UPM process).
[Package Manager] Cannot connect to Unity Package Manager local server
Mono: successfully reloaded assembly
- Finished resetting the current domain, in  2.237 seconds
Domain Reload Profiling: 4307ms
	BeginReloadAssembly (1001ms)
		ExecutionOrderSort (0ms)
		DisableScriptedObjects (5ms)
		BackupInstance (0ms)
		ReleaseScriptingObjects (0ms)
		CreateAndSetChildDomain (65ms)
	RebuildCommonClasses (56ms)
	RebuildNativeTypeToScriptingClass (22ms)
	initialDomainReloadingComplete (73ms)
	LoadAllAssembliesAndSetupDomain (917ms)
		LoadAssemblies (915ms)
		RebuildTransferFunctionScriptingTraits (0ms)
		AnalyzeDomain (111ms)
			TypeCache.Refresh (33ms)
				TypeCache.ScanAssembly (6ms)
			ScanForSourceGeneratedMonoScriptInfo (41ms)
			ResolveRequiredComponents (36ms)
	FinalizeReload (2238ms)
		ReleaseScriptCaches (0ms)
		RebuildScriptCaches (0ms)
		SetupLoadedEditorAssemblies (884ms)
			LogAssemblyErrors (0ms)
			InitializePlatformSupportModulesInManaged (34ms)
			SetLoadedEditorAssemblies (6ms)
			RefreshPlugins (0ms)
			BeforeProcessingInitializeOnLoad (125ms)
			ProcessInitializeOnLoadAttributes (435ms)
			ProcessInitializeOnLoadMethodAttributes (275ms)
			AfterProcessingInitializeOnLoad (8ms)
			EditorAssembliesLoaded (1ms)
		ExecutionOrderSort2 (0ms)
		AwakeInstancesAfterBackupRestoration (10ms)
Shader 'MoreMountains/MMRipple': fallback shader 'Particle/AlphaBlended' not found
Refreshing native plugins compatible for Editor in 15.39 ms, found 2 plugins.
Preloading 0 native plugins for Editor in 0.00 ms.
Unloading 5663 Unused Serialized files (Serialized files now loaded: 0)
Unloading 128 unused Assets / (2.5 MB). Loaded Objects now: 6255.
Memory consumption went from 348.6 MB to 346.1 MB.
Total: 16.647500 ms (FindLiveObjects: 0.888800 ms CreateObjectMapping: 1.950100 ms MarkObjects: 12.818200 ms  DeleteObjects: 0.989200 ms)

Prepare: number of updated asset objects reloaded= 0
AssetImportParameters requested are different than current active one (requested -> active):
  custom:container-demuxer-ogg: 62fdf1f143b41e24485cea50d1cbac27 -> 
  custom:video-codec-MediaFoundation-h265: 746d11721c4dcdbdad8f713fa42b33f4 -> 
  custom:video-decoder-ogg-theora: a1e56fd34408186e4bbccfd4996cb3dc -> 
  custom:framework-win-MediaFoundation: 216162199b28c13a410421893ffa2e32 -> 
  custom:CustomObjectIndexerAttribute: 3ead1caaecf1c488f20bcfeb224b6af5 -> 
  custom:container-demuxer-webm: 4f35f7cbe854078d1ac9338744f61a02 -> 
  custom:container-muxer-webm: aa71ff27fc2769a1b78a27578f13a17b -> 
  custom:video-decoder-webm-vp8: 9c59270c3fd7afecdb556c50c9e8de78 -> 
  custom:SearchIndexIgnoredProperties: e643bd26f0fe6173181afceb89e7c659 -> 
  custom:AudioImporter_EditorPlatform: d09bf68614088b80899f8185d706f6e7 -> 
  custom:video-encoder-webm-vp8: eb34c28f22e8b96e1ab97ce403110664 -> 
  custom:audio-decoder-ogg-vorbis: bf7c407c2cedff20999df2af8eb42d56 -> 
  custom:audio-encoder-webm-vorbis: bf7c407c2cedff20999df2af8eb42d56 -> 
========================================================================
Received Import Request.
  Time since last request: 35.313479 seconds.
  path: Assets/Prefabs/Multiplayer/Bullets/Shotgun Bullet.prefab
  artifactKey: Guid(c0a2991c1837c954287fdced653eda2c) Importer(815301076,1909f56bfc062723c751e8b465ee728b)
Start importing Assets/Prefabs/Multiplayer/Bullets/Shotgun Bullet.prefab using Guid(c0a2991c1837c954287fdced653eda2c) Importer(815301076,1909f56bfc062723c751e8b465ee728b)  -> (artifact id: 'c9cea8c15837adedcdc74083c7edfbec') in 0.082206 seconds
Number of updated asset objects reloaded before import = 0
Number of asset objects unloaded after import = 79
========================================================================
Received Import Request.
  Time since last request: 0.000032 seconds.
  path: Assets/Prefabs/Multiplayer/Bullets/PistoletikBullet.prefab
  artifactKey: Guid(5f8f1e7027f58b8479263c7ca694f1b7) Importer(815301076,1909f56bfc062723c751e8b465ee728b)
Start importing Assets/Prefabs/Multiplayer/Bullets/PistoletikBullet.prefab using Guid(5f8f1e7027f58b8479263c7ca694f1b7) Importer(815301076,1909f56bfc062723c751e8b465ee728b)  -> (artifact id: '247d8273e35682abcb8653df4daecf99') in 0.010844 seconds
Number of updated asset objects reloaded before import = 0
Number of asset objects unloaded after import = 24
========================================================================
Received Import Request.
  Time since last request: 0.000014 seconds.
  path: Assets/Prefabs/Multiplayer/Bullets/PythonBullet.prefab
  artifactKey: Guid(520477ae47a9c214ebd735a05013fb59) Importer(815301076,1909f56bfc062723c751e8b465ee728b)
Start importing Assets/Prefabs/Multiplayer/Bullets/PythonBullet.prefab using Guid(520477ae47a9c214ebd735a05013fb59) Importer(815301076,1909f56bfc062723c751e8b465ee728b)  -> (artifact id: '54d870f90c9dd994a9fb2704b6411543') in 0.012439 seconds
Number of updated asset objects reloaded before import = 0
Number of asset objects unloaded after import = 24
========================================================================
Received Import Request.
  Time since last request: 0.000019 seconds.
  path: Assets/Prefabs/Multiplayer/Bullets/Minigun Bullet.prefab
  artifactKey: Guid(8fa4d60c69f74ea4dab11c6d2ba822ae) Importer(815301076,1909f56bfc062723c751e8b465ee728b)
Start importing Assets/Prefabs/Multiplayer/Bullets/Minigun Bullet.prefab using Guid(8fa4d60c69f74ea4dab11c6d2ba822ae) Importer(815301076,1909f56bfc062723c751e8b465ee728b)  -> (artifact id: '8641a7395fc0f18a0cca7357084379bf') in 0.014822 seconds
Number of updated asset objects reloaded before import = 0
Number of asset objects unloaded after import = 24
========================================================================
Received Import Request.
  Time since last request: 14.105018 seconds.
  path: Assets/Sprites/00.physicsMaterial2D
  artifactKey: Guid(9f18752ea2b410c4e96b945cf6cda74c) Importer(815301076,1909f56bfc062723c751e8b465ee728b)
Start importing Assets/Sprites/00.physicsMaterial2D using Guid(9f18752ea2b410c4e96b945cf6cda74c) Importer(815301076,1909f56bfc062723c751e8b465ee728b)  -> (artifact id: '634e25dfb954a422b1ae2ebe8e592f35') in 0.002505 seconds
Number of updated asset objects reloaded before import = 0
Number of asset objects unloaded after import = 1
========================================================================
Received Import Request.
  Time since last request: 0.000030 seconds.
  path: Assets/Sprites/buttons.png
  artifactKey: Guid(355cc05acb126d64da92c871ec0db38b) Importer(815301076,1909f56bfc062723c751e8b465ee728b)
Start importing Assets/Sprites/buttons.png using Guid(355cc05acb126d64da92c871ec0db38b) Importer(815301076,1909f56bfc062723c751e8b465ee728b)  -> (artifact id: '18aeedac41c02fdddf912f5f387c9404') in 0.229009 seconds
Number of updated asset objects reloaded before import = 0
Number of asset objects unloaded after import = 34
========================================================================
Received Import Request.
  Time since last request: 0.000015 seconds.
  path: Assets/Sprites/Tileset_7.asset
  artifactKey: Guid(79bf0d2c004f7ec4885ca8dc07a722f2) Importer(815301076,1909f56bfc062723c751e8b465ee728b)
Start importing Assets/Sprites/Tileset_7.asset using Guid(79bf0d2c004f7ec4885ca8dc07a722f2) Importer(815301076,1909f56bfc062723c751e8b465ee728b)  -> (artifact id: 'a4a131b9033dee75420f27c0eef76f1e') in 0.029525 seconds
Number of updated asset objects reloaded before import = 0
Number of asset objects unloaded after import = 3
========================================================================
Received Import Request.
  Time since last request: 0.000031 seconds.
  path: Assets/Sprites/Tileset_1.asset
  artifactKey: Guid(d572eadf77f8af94a9b88ecada058595) Importer(815301076,1909f56bfc062723c751e8b465ee728b)
Start importing Assets/Sprites/Tileset_1.asset using Guid(d572eadf77f8af94a9b88ecada058595) Importer(815301076,1909f56bfc062723c751e8b465ee728b)  -> (artifact id: 'b362e90c32eace9e554b42833bc7b685') in 0.015672 seconds
Number of updated asset objects reloaded before import = 0
Number of asset objects unloaded after import = 3
========================================================================
Received Import Request.
  Time since last request: 0.000018 seconds.
  path: Assets/Sprites/Tileset_11.asset
  artifactKey: Guid(d757cfc7653ee0545bba82f57a7fc6f6) Importer(815301076,1909f56bfc062723c751e8b465ee728b)
Start importing Assets/Sprites/Tileset_11.asset using Guid(d757cfc7653ee0545bba82f57a7fc6f6) Importer(815301076,1909f56bfc062723c751e8b465ee728b)  -> (artifact id: '896283ef4f566e288cca1e80eb807fa1') in 0.014549 seconds
Number of updated asset objects reloaded before import = 0
Number of asset objects unloaded after import = 3
========================================================================
Received Import Request.
  Time since last request: 0.000044 seconds.
  path: Assets/Sprites/New Piskel (8).png
  artifactKey: Guid(f8ca18300b35607488cd8d8e2612b230) Importer(815301076,1909f56bfc062723c751e8b465ee728b)
Start importing Assets/Sprites/New Piskel (8).png using Guid(f8ca18300b35607488cd8d8e2612b230) Importer(815301076,1909f56bfc062723c751e8b465ee728b)  -> (artifact id: 'e4fd3323a9ac805cacb7f999b061cdf9') in 0.025093 seconds
Number of updated asset objects reloaded before import = 0
Number of asset objects unloaded after import = 3
========================================================================
Received Import Request.
  Time since last request: 0.000018 seconds.
  path: Assets/Sprites/загруженное (3).png
  artifactKey: Guid(6546600327be16243b65b53e14bd0ee6) Importer(815301076,1909f56bfc062723c751e8b465ee728b)
Start importing Assets/Sprites/загруженное (3).png using Guid(6546600327be16243b65b53e14bd0ee6) Importer(815301076,1909f56bfc062723c751e8b465ee728b)  -> (artifact id: 'a73afb8209fee55ea637f0d4dd8f310c') in 0.047143 seconds
Number of updated asset objects reloaded before import = 0
Number of asset objects unloaded after import = 8
========================================================================
Received Import Request.
  Time since last request: 0.000068 seconds.
  path: Assets/Sprites/загруженное (4).png
  artifactKey: Guid(ec491959c5451d14a892816b608241dc) Importer(815301076,1909f56bfc062723c751e8b465ee728b)
Start importing Assets/Sprites/загруженное (4).png using Guid(ec491959c5451d14a892816b608241dc) Importer(815301076,1909f56bfc062723c751e8b465ee728b)  -> (artifact id: '43c5a26a451d673e9311fd4a91b0d433') in 0.028048 seconds
Number of updated asset objects reloaded before import = 0
Number of asset objects unloaded after import = 3
========================================================================
Received Import Request.
  Time since last request: 0.000016 seconds.
  path: Assets/Sprites/ProgressCircle.png
  artifactKey: Guid(abd0a567f73ef474d94f6ef945dab6dc) Importer(815301076,1909f56bfc062723c751e8b465ee728b)
Start importing Assets/Sprites/ProgressCircle.png using Guid(abd0a567f73ef474d94f6ef945dab6dc) Importer(815301076,1909f56bfc062723c751e8b465ee728b)  -> (artifact id: '8fad707ef8cba660a85b20a11e0bbe62') in 0.223861 seconds
Number of updated asset objects reloaded before import = 0
Number of asset objects unloaded after import = 3
========================================================================
Received Import Request.
  Time since last request: 0.000023 seconds.
  path: Assets/Sprites/Tileset_8.asset
  artifactKey: Guid(526b6f13ed144cf49895463d4ed65f5e) Importer(815301076,1909f56bfc062723c751e8b465ee728b)
Start importing Assets/Sprites/Tileset_8.asset using Guid(526b6f13ed144cf49895463d4ed65f5e) Importer(815301076,1909f56bfc062723c751e8b465ee728b)  -> (artifact id: '2ec6246bfc82a44e90ab088dd867321b') in 0.030581 seconds
Number of updated asset objects reloaded before import = 0
Number of asset objects unloaded after import = 3
========================================================================
Received Import Request.
  Time since last request: 0.000024 seconds.
  path: Assets/Sprites/bc760f90323eb125.png
  artifactKey: Guid(79b886b7a0dd74e4b83024ef126de236) Importer(815301076,1909f56bfc062723c751e8b465ee728b)
Start importing Assets/Sprites/bc760f90323eb125.png using Guid(79b886b7a0dd74e4b83024ef126de236) Importer(815301076,1909f56bfc062723c751e8b465ee728b)  -> (artifact id: '2e1e25c6a70affa95f6e1ceec9ac854a') in 0.022636 seconds
Number of updated asset objects reloaded before import = 0
Number of asset objects unloaded after import = 3
========================================================================
Received Import Request.
  Time since last request: 0.000016 seconds.
  path: Assets/Sprites/Ground.prefab
  artifactKey: Guid(cbb96025cc91dbb46ad486645df44e23) Importer(815301076,1909f56bfc062723c751e8b465ee728b)
Start importing Assets/Sprites/Ground.prefab using Guid(cbb96025cc91dbb46ad486645df44e23) Importer(815301076,1909f56bfc062723c751e8b465ee728b)  -> (artifact id: '8623ac14c5285eadfcb99f87093aecf1') in 0.039694 seconds
Number of updated asset objects reloaded before import = 0
Number of asset objects unloaded after import = 52
========================================================================
Received Import Request.
  Time since last request: 0.000016 seconds.
  path: Assets/Sprites/Gopnik.png
  artifactKey: Guid(be6ff65b1a1d1c14e8394590b6628f1f) Importer(815301076,1909f56bfc062723c751e8b465ee728b)
Start importing Assets/Sprites/Gopnik.png using Guid(be6ff65b1a1d1c14e8394590b6628f1f) Importer(815301076,1909f56bfc062723c751e8b465ee728b)  -> (artifact id: 'c7e883e126a11846119fd65c1579e16a') in 0.026833 seconds
Number of updated asset objects reloaded before import = 0
Number of asset objects unloaded after import = 3
========================================================================
Received Import Request.
  Time since last request: 0.000050 seconds.
  path: Assets/Sprites/char (4).png
  artifactKey: Guid(b86788c99fbbc1d4190a0ba622e50bb6) Importer(815301076,1909f56bfc062723c751e8b465ee728b)
Start importing Assets/Sprites/char (4).png using Guid(b86788c99fbbc1d4190a0ba622e50bb6) Importer(815301076,1909f56bfc062723c751e8b465ee728b)  -> (artifact id: 'b6dbe8bbde43ccb32fddadc5f74f24bf') in 0.053519 seconds
Number of updated asset objects reloaded before import = 0
Number of asset objects unloaded after import = 4
========================================================================
Received Import Request.
  Time since last request: 0.000023 seconds.
  path: Assets/Sprites/Tileset_14.asset
  artifactKey: Guid(cfc2cf864760a6849b1ba61c2e612860) Importer(815301076,1909f56bfc062723c751e8b465ee728b)
Start importing Assets/Sprites/Tileset_14.asset using Guid(cfc2cf864760a6849b1ba61c2e612860) Importer(815301076,1909f56bfc062723c751e8b465ee728b)  -> (artifact id: 'ddff9023aba9fddf040dc123e525b978') in 0.014228 seconds
Number of updated asset objects reloaded before import = 0
Number of asset objects unloaded after import = 3
========================================================================
Received Import Request.
  Time since last request: 0.000022 seconds.
  path: Assets/Sprites/Tileset_10.asset
  artifactKey: Guid(48287ee0546d7314eb7ef09fe3730b67) Importer(815301076,1909f56bfc062723c751e8b465ee728b)
Start importing Assets/Sprites/Tileset_10.asset using Guid(48287ee0546d7314eb7ef09fe3730b67) Importer(815301076,1909f56bfc062723c751e8b465ee728b)  -> (artifact id: 'df4765d2aa1b153abf1943758de4ac83') in 0.017230 seconds
Number of updated asset objects reloaded before import = 0
Number of asset objects unloaded after import = 3
========================================================================
Received Import Request.
  Time since last request: 0.000042 seconds.
  path: Assets/Sprites/New Piskel.png
  artifactKey: Guid(266f069f0c0cc914a825ad58edad082f) Importer(815301076,1909f56bfc062723c751e8b465ee728b)
Start importing Assets/Sprites/New Piskel.png using Guid(266f069f0c0cc914a825ad58edad082f) Importer(815301076,1909f56bfc062723c751e8b465ee728b)  -> (artifact id: 'adf16b5519397e79ad9358705ff76643') in 0.029706 seconds
Number of updated asset objects reloaded before import = 0
Number of asset objects unloaded after import = 3
========================================================================
Received Import Request.
  Time since last request: 0.000037 seconds.
  path: Assets/Sprites/Desk.png
  artifactKey: Guid(89186a8bf70407d45827ddf22c40a5a7) Importer(815301076,1909f56bfc062723c751e8b465ee728b)
Start importing Assets/Sprites/Desk.png using Guid(89186a8bf70407d45827ddf22c40a5a7) Importer(815301076,1909f56bfc062723c751e8b465ee728b)  -> (artifact id: 'bc792eae6a1344f403ce8fdd175cccf9') in 0.025089 seconds
Number of updated asset objects reloaded before import = 0
Number of asset objects unloaded after import = 3
========================================================================
Received Import Request.
  Time since last request: 0.000083 seconds.
  path: Assets/Sprites/New Piskel (2).png
  artifactKey: Guid(659809465b45f2e44a37b73a92b5d07e) Importer(815301076,1909f56bfc062723c751e8b465ee728b)
Start importing Assets/Sprites/New Piskel (2).png using Guid(659809465b45f2e44a37b73a92b5d07e) Importer(815301076,1909f56bfc062723c751e8b465ee728b)  -> (artifact id: 'c0c48ac7e2d3c7d9a2f442d3a35db5c5') in 0.034292 seconds
Number of updated asset objects reloaded before import = 0
Number of asset objects unloaded after import = 4
========================================================================
Received Import Request.
  Time since last request: 0.000027 seconds.
  path: Assets/Sprites/Иконка3.png
  artifactKey: Guid(1ef705e2d3334574ebf03ffad8d55f7c) Importer(815301076,1909f56bfc062723c751e8b465ee728b)
Start importing Assets/Sprites/Иконка3.png using Guid(1ef705e2d3334574ebf03ffad8d55f7c) Importer(815301076,1909f56bfc062723c751e8b465ee728b)  -> (artifact id: '2b2774622aab932d4405210e4276bba2') in 0.030122 seconds
Number of updated asset objects reloaded before import = 0
Number of asset objects unloaded after import = 3
========================================================================
Received Import Request.
  Time since last request: 0.000023 seconds.
  path: Assets/Sprites/Tileset_15.asset
  artifactKey: Guid(93c8647fcb0ee4a45b3b04329590d83b) Importer(815301076,1909f56bfc062723c751e8b465ee728b)
Start importing Assets/Sprites/Tileset_15.asset using Guid(93c8647fcb0ee4a45b3b04329590d83b) Importer(815301076,1909f56bfc062723c751e8b465ee728b)  -> (artifact id: 'ee0a283179b095286d430ab8914b2c04') in 0.018804 seconds
Number of updated asset objects reloaded before import = 0
Number of asset objects unloaded after import = 3
========================================================================
Received Import Request.
  Time since last request: 0.000024 seconds.
  path: Assets/Sprites/crosshair.png
  artifactKey: Guid(8b7c14efe4c34314eb6e573f4b23e76e) Importer(815301076,1909f56bfc062723c751e8b465ee728b)
Start importing Assets/Sprites/crosshair.png using Guid(8b7c14efe4c34314eb6e573f4b23e76e) Importer(815301076,1909f56bfc062723c751e8b465ee728b)  -> (artifact id: '4c1cb31e2465f07cf64f61cddb5cd4ee') in 0.026362 seconds
Number of updated asset objects reloaded before import = 0
Number of asset objects unloaded after import = 3
========================================================================
Received Prepare
Begin MonoManager ReloadAssembly
Symbol file LoadedFromMemory is not a mono symbol file
- Loaded All Assemblies, in  1.819 seconds
Refreshing native plugins compatible for Editor in 18.60 ms, found 2 plugins.
Native extension for WindowsStandalone target not found
Native extension for Android target not found
Native extension for WebGL target not found
[Package Manager] Server::EnsureServerProcessIsRunning -- launch failed, reason: Unity was launched with the -noUpm command-line argument
[Package Manager] UpmClient::Send -- Unable to send message (not connected to UPM process).
[Package Manager] Cannot connect to Unity Package Manager local server
Mono: successfully reloaded assembly
- Finished resetting the current domain, in  4.357 seconds
Domain Reload Profiling: 6169ms
	BeginReloadAssembly (1147ms)
		ExecutionOrderSort (0ms)
		DisableScriptedObjects (7ms)
		BackupInstance (0ms)
		ReleaseScriptingObjects (1ms)
		CreateAndSetChildDomain (97ms)
	RebuildCommonClasses (57ms)
	RebuildNativeTypeToScriptingClass (17ms)
	initialDomainReloadingComplete (58ms)
	LoadAllAssembliesAndSetupDomain (533ms)
		LoadAssemblies (608ms)
		RebuildTransferFunctionScriptingTraits (0ms)
		AnalyzeDomain (65ms)
			TypeCache.Refresh (16ms)
				TypeCache.ScanAssembly (0ms)
			ScanForSourceGeneratedMonoScriptInfo (0ms)
			ResolveRequiredComponents (48ms)
	FinalizeReload (4358ms)
		ReleaseScriptCaches (0ms)
		RebuildScriptCaches (0ms)
		SetupLoadedEditorAssemblies (983ms)
			LogAssemblyErrors (0ms)
			InitializePlatformSupportModulesInManaged (43ms)
			SetLoadedEditorAssemblies (6ms)
			RefreshPlugins (0ms)
			BeforeProcessingInitializeOnLoad (111ms)
			ProcessInitializeOnLoadAttributes (401ms)
			ProcessInitializeOnLoadMethodAttributes (409ms)
			AfterProcessingInitializeOnLoad (12ms)
			EditorAssembliesLoaded (1ms)
		ExecutionOrderSort2 (0ms)
		AwakeInstancesAfterBackupRestoration (14ms)
Shader 'MoreMountains/MMRipple': fallback shader 'Particle/AlphaBlended' not found
Refreshing native plugins compatible for Editor in 19.82 ms, found 2 plugins.
Preloading 0 native plugins for Editor in 0.00 ms.
Unloading 5663 Unused Serialized files (Serialized files now loaded: 0)
Unloading 125 unused Assets / (2.5 MB). Loaded Objects now: 6286.
Memory consumption went from 348.7 MB to 346.1 MB.
Total: 13.635400 ms (FindLiveObjects: 0.610600 ms CreateObjectMapping: 0.679100 ms MarkObjects: 11.450000 ms  DeleteObjects: 0.894200 ms)

Prepare: number of updated asset objects reloaded= 0
AssetImportParameters requested are different than current active one (requested -> active):
  custom:container-demuxer-ogg: 62fdf1f143b41e24485cea50d1cbac27 -> 
  custom:video-codec-MediaFoundation-h265: 746d11721c4dcdbdad8f713fa42b33f4 -> 
  custom:video-decoder-ogg-theora: a1e56fd34408186e4bbccfd4996cb3dc -> 
  custom:framework-win-MediaFoundation: 216162199b28c13a410421893ffa2e32 -> 
  custom:CustomObjectIndexerAttribute: 3ead1caaecf1c488f20bcfeb224b6af5 -> 
  custom:container-demuxer-webm: 4f35f7cbe854078d1ac9338744f61a02 -> 
  custom:container-muxer-webm: aa71ff27fc2769a1b78a27578f13a17b -> 
  custom:video-decoder-webm-vp8: 9c59270c3fd7afecdb556c50c9e8de78 -> 
  custom:SearchIndexIgnoredProperties: e643bd26f0fe6173181afceb89e7c659 -> 
  custom:AudioImporter_EditorPlatform: d09bf68614088b80899f8185d706f6e7 -> 
  custom:video-encoder-webm-vp8: eb34c28f22e8b96e1ab97ce403110664 -> 
  custom:audio-decoder-ogg-vorbis: bf7c407c2cedff20999df2af8eb42d56 -> 
  custom:audio-encoder-webm-vorbis: bf7c407c2cedff20999df2af8eb42d56 -> 
========================================================================
Received Import Request.
  Time since last request: 37.042594 seconds.
  path: Assets/Sprites/armored_heart_80x80.png
  artifactKey: Guid(e5f308f6d233c00439b6f35adb6b93ec) Importer(815301076,1909f56bfc062723c751e8b465ee728b)
Start importing Assets/Sprites/armored_heart_80x80.png using Guid(e5f308f6d233c00439b6f35adb6b93ec) Importer(815301076,1909f56bfc062723c751e8b465ee728b)  -> (artifact id: '12e45c9dc92727dbbac53726f5a84acf') in 0.098885 seconds
Number of updated asset objects reloaded before import = 0
Number of asset objects unloaded after import = 3
========================================================================
Received Import Request.
  Time since last request: 0.000020 seconds.
  path: Assets/Sprites/New Piskel (7).png
  artifactKey: Guid(191084d1a9f7ef64c9000d33848ab275) Importer(815301076,1909f56bfc062723c751e8b465ee728b)
Start importing Assets/Sprites/New Piskel (7).png using Guid(191084d1a9f7ef64c9000d33848ab275) Importer(815301076,1909f56bfc062723c751e8b465ee728b)  -> (artifact id: '00d38adec8093c9b6cd6c4639d3202de') in 0.016136 seconds
Number of updated asset objects reloaded before import = 0
Number of asset objects unloaded after import = 3
========================================================================
Received Import Request.
  Time since last request: 0.000021 seconds.
  path: Assets/Sprites/Иконка.png
  artifactKey: Guid(c0f7a6c606d2315458fd1e463f412922) Importer(815301076,1909f56bfc062723c751e8b465ee728b)
Start importing Assets/Sprites/Иконка.png using Guid(c0f7a6c606d2315458fd1e463f412922) Importer(815301076,1909f56bfc062723c751e8b465ee728b)  -> (artifact id: 'caf6cd949cecc640ff55ffd6001fe72a') in 0.031169 seconds
Number of updated asset objects reloaded before import = 0
Number of asset objects unloaded after import = 3
========================================================================
Received Import Request.
  Time since last request: 0.000018 seconds.
  path: Assets/Sprites/board.png
  artifactKey: Guid(00dddc71c291578458e7ff5059737684) Importer(815301076,1909f56bfc062723c751e8b465ee728b)
Start importing Assets/Sprites/board.png using Guid(00dddc71c291578458e7ff5059737684) Importer(815301076,1909f56bfc062723c751e8b465ee728b)  -> (artifact id: 'f111beafac2a4b15568cd6669d9f5db2') in 0.014837 seconds
Number of updated asset objects reloaded before import = 0
Number of asset objects unloaded after import = 3
========================================================================
Received Import Request.
  Time since last request: 0.000024 seconds.
  path: Assets/Sprites/Иконка3.png
  artifactKey: Guid(1ef705e2d3334574ebf03ffad8d55f7c) Importer(815301076,1909f56bfc062723c751e8b465ee728b)
Start importing Assets/Sprites/Иконка3.png using Guid(1ef705e2d3334574ebf03ffad8d55f7c) Importer(815301076,1909f56bfc062723c751e8b465ee728b)  -> (artifact id: 'fcb94fcf1ebdad3c7aafc46a9ba2730d') in 0.032590 seconds
Number of updated asset objects reloaded before import = 0
Number of asset objects unloaded after import = 3
========================================================================
Received Import Request.
  Time since last request: 0.000028 seconds.
  path: Assets/Sprites/Desk.png
  artifactKey: Guid(89186a8bf70407d45827ddf22c40a5a7) Importer(815301076,1909f56bfc062723c751e8b465ee728b)
Start importing Assets/Sprites/Desk.png using Guid(89186a8bf70407d45827ddf22c40a5a7) Importer(815301076,1909f56bfc062723c751e8b465ee728b)  -> (artifact id: 'e3844e64010b668910655122cc28e3df') in 0.022722 seconds
Number of updated asset objects reloaded before import = 0
Number of asset objects unloaded after import = 3
========================================================================
Received Import Request.
  Time since last request: 5.537135 seconds.
  path: Assets/Resources/attackeffect1.png
  artifactKey: Guid(dce0a1925020c0449995556cbf15b5a9) Importer(815301076,1909f56bfc062723c751e8b465ee728b)
Start importing Assets/Resources/attackeffect1.png using Guid(dce0a1925020c0449995556cbf15b5a9) Importer(815301076,1909f56bfc062723c751e8b465ee728b)  -> (artifact id: 'ef8ac766ce5875249f74dd6d7a1d8aad') in 0.016795 seconds
Number of updated asset objects reloaded before import = 0
Number of asset objects unloaded after import = 2
========================================================================
Received Import Request.
  Time since last request: 0.000014 seconds.
  path: Assets/Resources/attackeffect5.png
  artifactKey: Guid(35332a65dfc918e4fb1837a05c1ed5d0) Importer(815301076,1909f56bfc062723c751e8b465ee728b)
Start importing Assets/Resources/attackeffect5.png using Guid(35332a65dfc918e4fb1837a05c1ed5d0) Importer(815301076,1909f56bfc062723c751e8b465ee728b)  -> (artifact id: '9ad989a6397358963f7918b93f8bd6b5') in 0.008605 seconds
Number of updated asset objects reloaded before import = 0
Number of asset objects unloaded after import = 2
========================================================================
Received Import Request.
  Time since last request: 0.000016 seconds.
  path: Assets/Resources/attackeffect4.png
  artifactKey: Guid(a0e6148da731fc344a4031ed461ede6b) Importer(815301076,1909f56bfc062723c751e8b465ee728b)
Start importing Assets/Resources/attackeffect4.png using Guid(a0e6148da731fc344a4031ed461ede6b) Importer(815301076,1909f56bfc062723c751e8b465ee728b)  -> (artifact id: 'a2469ceea449c6295fb9c0eb68c02531') in 0.012910 seconds
Number of updated asset objects reloaded before import = 0
Number of asset objects unloaded after import = 2
========================================================================
Received Import Request.
  Time since last request: 7.205109 seconds.
  path: Assets/Resources/BillingMode.json
  artifactKey: Guid(d7972e1346e1e424b8931334ee764f50) Importer(815301076,1909f56bfc062723c751e8b465ee728b)
Start importing Assets/Resources/BillingMode.json using Guid(d7972e1346e1e424b8931334ee764f50) Importer(815301076,1909f56bfc062723c751e8b465ee728b)  -> (artifact id: 'e39c7a99fc6ee8e0c841ea73fe5ed7f1') in 0.001345 seconds
Number of updated asset objects reloaded before import = 0
Number of asset objects unloaded after import = 1
========================================================================
Received Import Request.
  Time since last request: 31.000649 seconds.
  path: Assets/Sprites
  artifactKey: Guid(59826fce6124aaa4abbf06717772fda7) Importer(815301076,1909f56bfc062723c751e8b465ee728b)
Start importing Assets/Sprites using Guid(59826fce6124aaa4abbf06717772fda7) Importer(815301076,1909f56bfc062723c751e8b465ee728b)  -> (artifact id: '8a6dae944aa76aee2797870e71a47cc7') in 0.000641 seconds
Number of updated asset objects reloaded before import = 0
Number of asset objects unloaded after import = 0
========================================================================
Received Import Request.
  Time since last request: 6.598573 seconds.
  path: Assets/Sprites/AttackEffect
  artifactKey: Guid(665478afec57f0e40a1766e7d5699f8d) Importer(815301076,1909f56bfc062723c751e8b465ee728b)
Start importing Assets/Sprites/AttackEffect using Guid(665478afec57f0e40a1766e7d5699f8d) Importer(815301076,1909f56bfc062723c751e8b465ee728b)  -> (artifact id: '3e153a80725efd799d029f1ea8e1550a') in 0.000571 seconds
Number of updated asset objects reloaded before import = 0
Number of asset objects unloaded after import = 0
========================================================================
Received Import Request.
  Time since last request: 2.202037 seconds.
  path: Assets/Prefabs/Amber.prefab
  artifactKey: Guid(4fe84e946c5820c40a1249b4376b4229) Importer(815301076,1909f56bfc062723c751e8b465ee728b)
Start importing Assets/Prefabs/Amber.prefab using Guid(4fe84e946c5820c40a1249b4376b4229) Importer(815301076,1909f56bfc062723c751e8b465ee728b)  -> (artifact id: 'b9eb53b4cc041437e531716061fa2abc') in 0.033337 seconds
Number of updated asset objects reloaded before import = 0
Number of asset objects unloaded after import = 17
========================================================================
Received Import Request.
  Time since last request: 0.000025 seconds.
  path: Assets/Prefabs/sign.prefab
  artifactKey: Guid(9fc5c41bc5bec94459b573ce878e6d46) Importer(815301076,1909f56bfc062723c751e8b465ee728b)
Start importing Assets/Prefabs/sign.prefab using Guid(9fc5c41bc5bec94459b573ce878e6d46) Importer(815301076,1909f56bfc062723c751e8b465ee728b)  -> (artifact id: '5b3049e1c7b7edab44dfc2a891ce1f2b') in 0.018801 seconds
Number of updated asset objects reloaded before import = 0
Number of asset objects unloaded after import = 32
========================================================================
Received Import Request.
  Time since last request: 0.000020 seconds.
  path: Assets/Prefabs/Van.prefab
  artifactKey: Guid(ebd97808e2bb4754a848037d284cde70) Importer(815301076,1909f56bfc062723c751e8b465ee728b)
Start importing Assets/Prefabs/Van.prefab using Guid(ebd97808e2bb4754a848037d284cde70) Importer(815301076,1909f56bfc062723c751e8b465ee728b)  -> (artifact id: '46c35560bf19ce65fa098a3750dc7b47') in 0.039791 seconds
Number of updated asset objects reloaded before import = 0
Number of asset objects unloaded after import = 115
========================================================================
Received Import Request.
  Time since last request: 0.000017 seconds.
  path: Assets/Prefabs/sign melee.prefab
  artifactKey: Guid(f2b63f4dc5de20645882d34e77375200) Importer(815301076,1909f56bfc062723c751e8b465ee728b)
Start importing Assets/Prefabs/sign melee.prefab using Guid(f2b63f4dc5de20645882d34e77375200) Importer(815301076,1909f56bfc062723c751e8b465ee728b)  -> (artifact id: '9b12eba9870344593fe62bc42bb7dd16') in 0.029382 seconds
Number of updated asset objects reloaded before import = 0
Number of asset objects unloaded after import = 81
========================================================================
Received Import Request.
  Time since last request: 0.000036 seconds.
  path: Assets/Prefabs/Player.prefab
  artifactKey: Guid(b3c13d6ae24a276468c08269bc744176) Importer(815301076,1909f56bfc062723c751e8b465ee728b)
Start importing Assets/Prefabs/Player.prefab using Guid(b3c13d6ae24a276468c08269bc744176) Importer(815301076,1909f56bfc062723c751e8b465ee728b)  -> (artifact id: '895f7bf96ca2ac0645d53380de45a4e1') in 0.044246 seconds
Number of updated asset objects reloaded before import = 0
Number of asset objects unloaded after import = 129
========================================================================
Received Import Request.
  Time since last request: 0.000034 seconds.
  path: Assets/Prefabs/MenuZombie.prefab
  artifactKey: Guid(213f66ee1a15c0740ad0e6162c9af81a) Importer(815301076,1909f56bfc062723c751e8b465ee728b)
Start importing Assets/Prefabs/MenuZombie.prefab using Guid(213f66ee1a15c0740ad0e6162c9af81a) Importer(815301076,1909f56bfc062723c751e8b465ee728b)  -> (artifact id: '3a1b50f8e740bcb4b524848d43044dec') in 0.015454 seconds
Number of updated asset objects reloaded before import = 0
Number of asset objects unloaded after import = 56
========================================================================
Received Prepare
Begin MonoManager ReloadAssembly
Symbol file LoadedFromMemory is not a mono symbol file
- Loaded All Assemblies, in  1.424 seconds
Refreshing native plugins compatible for Editor in 15.28 ms, found 2 plugins.
Native extension for WindowsStandalone target not found
Native extension for Android target not found
Native extension for WebGL target not found
[Package Manager] Server::EnsureServerProcessIsRunning -- launch failed, reason: Unity was launched with the -noUpm command-line argument
[Package Manager] UpmClient::Send -- Unable to send message (not connected to UPM process).
[Package Manager] Cannot connect to Unity Package Manager local server
Mono: successfully reloaded assembly
- Finished resetting the current domain, in  2.821 seconds
Domain Reload Profiling: 4240ms
	BeginReloadAssembly (935ms)
		ExecutionOrderSort (0ms)
		DisableScriptedObjects (5ms)
		BackupInstance (0ms)
		ReleaseScriptingObjects (0ms)
		CreateAndSetChildDomain (65ms)
	RebuildCommonClasses (46ms)
	RebuildNativeTypeToScriptingClass (18ms)
	initialDomainReloadingComplete (36ms)
	LoadAllAssembliesAndSetupDomain (384ms)
		LoadAssemblies (459ms)
		RebuildTransferFunctionScriptingTraits (0ms)
		AnalyzeDomain (47ms)
			TypeCache.Refresh (12ms)
				TypeCache.ScanAssembly (0ms)
			ScanForSourceGeneratedMonoScriptInfo (0ms)
			ResolveRequiredComponents (33ms)
	FinalizeReload (2821ms)
		ReleaseScriptCaches (0ms)
		RebuildScriptCaches (0ms)
		SetupLoadedEditorAssemblies (1218ms)
			LogAssemblyErrors (0ms)
			InitializePlatformSupportModulesInManaged (45ms)
			SetLoadedEditorAssemblies (5ms)
			RefreshPlugins (0ms)
			BeforeProcessingInitializeOnLoad (155ms)
			ProcessInitializeOnLoadAttributes (612ms)
			ProcessInitializeOnLoadMethodAttributes (386ms)
			AfterProcessingInitializeOnLoad (15ms)
			EditorAssembliesLoaded (1ms)
		ExecutionOrderSort2 (0ms)
		AwakeInstancesAfterBackupRestoration (11ms)
Shader 'MoreMountains/MMRipple': fallback shader 'Particle/AlphaBlended' not found
Refreshing native plugins compatible for Editor in 20.73 ms, found 2 plugins.
Preloading 0 native plugins for Editor in 0.00 ms.
Unloading 5663 Unused Serialized files (Serialized files now loaded: 0)
Unloading 126 unused Assets / (2.5 MB). Loaded Objects now: 6292.
Memory consumption went from 348.9 MB to 346.3 MB.
Total: 14.747900 ms (FindLiveObjects: 0.999600 ms CreateObjectMapping: 1.289400 ms MarkObjects: 10.877300 ms  DeleteObjects: 1.578800 ms)

Prepare: number of updated asset objects reloaded= 0
AssetImportParameters requested are different than current active one (requested -> active):
  custom:container-demuxer-ogg: 62fdf1f143b41e24485cea50d1cbac27 -> 
  custom:video-codec-MediaFoundation-h265: 746d11721c4dcdbdad8f713fa42b33f4 -> 
  custom:video-decoder-ogg-theora: a1e56fd34408186e4bbccfd4996cb3dc -> 
  custom:framework-win-MediaFoundation: 216162199b28c13a410421893ffa2e32 -> 
  custom:CustomObjectIndexerAttribute: 3ead1caaecf1c488f20bcfeb224b6af5 -> 
  custom:container-demuxer-webm: 4f35f7cbe854078d1ac9338744f61a02 -> 
  custom:container-muxer-webm: aa71ff27fc2769a1b78a27578f13a17b -> 
  custom:video-decoder-webm-vp8: 9c59270c3fd7afecdb556c50c9e8de78 -> 
  custom:SearchIndexIgnoredProperties: e643bd26f0fe6173181afceb89e7c659 -> 
  custom:AudioImporter_EditorPlatform: d09bf68614088b80899f8185d706f6e7 -> 
  custom:video-encoder-webm-vp8: eb34c28f22e8b96e1ab97ce403110664 -> 
  custom:audio-decoder-ogg-vorbis: bf7c407c2cedff20999df2af8eb42d56 -> 
  custom:audio-encoder-webm-vorbis: bf7c407c2cedff20999df2af8eb42d56 -> 
========================================================================
Received Prepare
Begin MonoManager ReloadAssembly
Symbol file LoadedFromMemory is not a mono symbol file
- Loaded All Assemblies, in  4.353 seconds
Refreshing native plugins compatible for Editor in 22.68 ms, found 2 plugins.
Native extension for WindowsStandalone target not found
Native extension for Android target not found
Native extension for WebGL target not found
[Package Manager] Server::EnsureServerProcessIsRunning -- launch failed, reason: Unity was launched with the -noUpm command-line argument
[Package Manager] UpmClient::Send -- Unable to send message (not connected to UPM process).
[Package Manager] Cannot connect to Unity Package Manager local server
Mono: successfully reloaded assembly
- Finished resetting the current domain, in  6.299 seconds
Domain Reload Profiling: 10643ms
	BeginReloadAssembly (3325ms)
		ExecutionOrderSort (0ms)
		DisableScriptedObjects (10ms)
		BackupInstance (0ms)
		ReleaseScriptingObjects (1ms)
		CreateAndSetChildDomain (175ms)
	RebuildCommonClasses (84ms)
	RebuildNativeTypeToScriptingClass (35ms)
	initialDomainReloadingComplete (75ms)
	LoadAllAssembliesAndSetupDomain (822ms)
		LoadAssemblies (982ms)
		RebuildTransferFunctionScriptingTraits (0ms)
		AnalyzeDomain (101ms)
			TypeCache.Refresh (19ms)
				TypeCache.ScanAssembly (0ms)
			ScanForSourceGeneratedMonoScriptInfo (2ms)
			ResolveRequiredComponents (78ms)
	FinalizeReload (6301ms)
		ReleaseScriptCaches (0ms)
		RebuildScriptCaches (0ms)
		SetupLoadedEditorAssemblies (2190ms)
			LogAssemblyErrors (0ms)
			InitializePlatformSupportModulesInManaged (80ms)
			SetLoadedEditorAssemblies (10ms)
			RefreshPlugins (0ms)
			BeforeProcessingInitializeOnLoad (299ms)
			ProcessInitializeOnLoadAttributes (1163ms)
			ProcessInitializeOnLoadMethodAttributes (622ms)
			AfterProcessingInitializeOnLoad (15ms)
			EditorAssembliesLoaded (1ms)
		ExecutionOrderSort2 (0ms)
		AwakeInstancesAfterBackupRestoration (16ms)
Shader 'MoreMountains/MMRipple': fallback shader 'Particle/AlphaBlended' not found
Refreshing native plugins compatible for Editor in 36.43 ms, found 2 plugins.
Preloading 0 native plugins for Editor in 0.00 ms.
Unloading 5663 Unused Serialized files (Serialized files now loaded: 0)
Unloading 125 unused Assets / (2.6 MB). Loaded Objects now: 6295.
Memory consumption went from 348.9 MB to 346.3 MB.
Total: 19.266900 ms (FindLiveObjects: 0.523400 ms CreateObjectMapping: 1.732200 ms MarkObjects: 15.341500 ms  DeleteObjects: 1.667800 ms)

Prepare: number of updated asset objects reloaded= 0
AssetImportParameters requested are different than current active one (requested -> active):
  custom:container-demuxer-ogg: 62fdf1f143b41e24485cea50d1cbac27 -> 
  custom:video-codec-MediaFoundation-h265: 746d11721c4dcdbdad8f713fa42b33f4 -> 
  custom:video-decoder-ogg-theora: a1e56fd34408186e4bbccfd4996cb3dc -> 
  custom:framework-win-MediaFoundation: 216162199b28c13a410421893ffa2e32 -> 
  custom:CustomObjectIndexerAttribute: 3ead1caaecf1c488f20bcfeb224b6af5 -> 
  custom:container-demuxer-webm: 4f35f7cbe854078d1ac9338744f61a02 -> 
  custom:container-muxer-webm: aa71ff27fc2769a1b78a27578f13a17b -> 
  custom:video-decoder-webm-vp8: 9c59270c3fd7afecdb556c50c9e8de78 -> 
  custom:SearchIndexIgnoredProperties: e643bd26f0fe6173181afceb89e7c659 -> 
  custom:AudioImporter_EditorPlatform: d09bf68614088b80899f8185d706f6e7 -> 
  custom:video-encoder-webm-vp8: eb34c28f22e8b96e1ab97ce403110664 -> 
  custom:audio-decoder-ogg-vorbis: bf7c407c2cedff20999df2af8eb42d56 -> 
  custom:audio-encoder-webm-vorbis: bf7c407c2cedff20999df2af8eb42d56 -> 
========================================================================
Received Prepare
Begin MonoManager ReloadAssembly
Symbol file LoadedFromMemory is not a mono symbol file
- Loaded All Assemblies, in  4.354 seconds
Refreshing native plugins compatible for Editor in 22.46 ms, found 2 plugins.
Native extension for WindowsStandalone target not found
Native extension for Android target not found
Native extension for WebGL target not found
[Package Manager] Server::EnsureServerProcessIsRunning -- launch failed, reason: Unity was launched with the -noUpm command-line argument
[Package Manager] UpmClient::Send -- Unable to send message (not connected to UPM process).
[Package Manager] Cannot connect to Unity Package Manager local server
Mono: successfully reloaded assembly
- Finished resetting the current domain, in  2.407 seconds
Domain Reload Profiling: 6746ms
	BeginReloadAssembly (2932ms)
		ExecutionOrderSort (0ms)
		DisableScriptedObjects (12ms)
		BackupInstance (0ms)
		ReleaseScriptingObjects (1ms)
		CreateAndSetChildDomain (280ms)
	RebuildCommonClasses (175ms)
	RebuildNativeTypeToScriptingClass (23ms)
	initialDomainReloadingComplete (96ms)
	LoadAllAssembliesAndSetupDomain (1111ms)
		LoadAssemblies (1283ms)
		RebuildTransferFunctionScriptingTraits (0ms)
		AnalyzeDomain (290ms)
			TypeCache.Refresh (174ms)
				TypeCache.ScanAssembly (6ms)
			ScanForSourceGeneratedMonoScriptInfo (75ms)
			ResolveRequiredComponents (40ms)
	FinalizeReload (2407ms)
		ReleaseScriptCaches (0ms)
		RebuildScriptCaches (0ms)
		SetupLoadedEditorAssemblies (1138ms)
			LogAssemblyErrors (0ms)
			InitializePlatformSupportModulesInManaged (38ms)
			SetLoadedEditorAssemblies (6ms)
			RefreshPlugins (0ms)
			BeforeProcessingInitializeOnLoad (155ms)
			ProcessInitializeOnLoadAttributes (512ms)
			ProcessInitializeOnLoadMethodAttributes (417ms)
			AfterProcessingInitializeOnLoad (9ms)
			EditorAssembliesLoaded (0ms)
		ExecutionOrderSort2 (0ms)
		AwakeInstancesAfterBackupRestoration (17ms)
Shader 'MoreMountains/MMRipple': fallback shader 'Particle/AlphaBlended' not found
Refreshing native plugins compatible for Editor in 19.48 ms, found 2 plugins.
Preloading 0 native plugins for Editor in 0.00 ms.
Unloading 5663 Unused Serialized files (Serialized files now loaded: 0)
Unloading 125 unused Assets / (2.5 MB). Loaded Objects now: 6298.
Memory consumption went from 348.9 MB to 346.3 MB.
Total: 14.165700 ms (FindLiveObjects: 0.724000 ms CreateObjectMapping: 1.293300 ms MarkObjects: 11.331600 ms  DeleteObjects: 0.815100 ms)

Prepare: number of updated asset objects reloaded= 0
AssetImportParameters requested are different than current active one (requested -> active):
  custom:container-demuxer-ogg: 62fdf1f143b41e24485cea50d1cbac27 -> 
  custom:video-codec-MediaFoundation-h265: 746d11721c4dcdbdad8f713fa42b33f4 -> 
  custom:video-decoder-ogg-theora: a1e56fd34408186e4bbccfd4996cb3dc -> 
  custom:framework-win-MediaFoundation: 216162199b28c13a410421893ffa2e32 -> 
  custom:CustomObjectIndexerAttribute: 3ead1caaecf1c488f20bcfeb224b6af5 -> 
  custom:container-demuxer-webm: 4f35f7cbe854078d1ac9338744f61a02 -> 
  custom:container-muxer-webm: aa71ff27fc2769a1b78a27578f13a17b -> 
  custom:video-decoder-webm-vp8: 9c59270c3fd7afecdb556c50c9e8de78 -> 
  custom:SearchIndexIgnoredProperties: e643bd26f0fe6173181afceb89e7c659 -> 
  custom:AudioImporter_EditorPlatform: d09bf68614088b80899f8185d706f6e7 -> 
  custom:video-encoder-webm-vp8: eb34c28f22e8b96e1ab97ce403110664 -> 
  custom:audio-decoder-ogg-vorbis: bf7c407c2cedff20999df2af8eb42d56 -> 
  custom:audio-encoder-webm-vorbis: bf7c407c2cedff20999df2af8eb42d56 -> 
========================================================================
Received Prepare
Begin MonoManager ReloadAssembly
Symbol file LoadedFromMemory is not a mono symbol file
- Loaded All Assemblies, in  1.528 seconds
Refreshing native plugins compatible for Editor in 13.00 ms, found 2 plugins.
Native extension for WindowsStandalone target not found
Native extension for Android target not found
Native extension for WebGL target not found
[Package Manager] Server::EnsureServerProcessIsRunning -- launch failed, reason: Unity was launched with the -noUpm command-line argument
[Package Manager] UpmClient::Send -- Unable to send message (not connected to UPM process).
[Package Manager] Cannot connect to Unity Package Manager local server
Mono: successfully reloaded assembly
- Finished resetting the current domain, in  1.940 seconds
Domain Reload Profiling: 3461ms
	BeginReloadAssembly (856ms)
		ExecutionOrderSort (0ms)
		DisableScriptedObjects (5ms)
		BackupInstance (0ms)
		ReleaseScriptingObjects (0ms)
		CreateAndSetChildDomain (52ms)
	RebuildCommonClasses (66ms)
	RebuildNativeTypeToScriptingClass (21ms)
	initialDomainReloadingComplete (47ms)
	LoadAllAssembliesAndSetupDomain (531ms)
		LoadAssemblies (601ms)
		RebuildTransferFunctionScriptingTraits (0ms)
		AnalyzeDomain (43ms)
			TypeCache.Refresh (14ms)
				TypeCache.ScanAssembly (0ms)
			ScanForSourceGeneratedMonoScriptInfo (0ms)
			ResolveRequiredComponents (28ms)
	FinalizeReload (1941ms)
		ReleaseScriptCaches (0ms)
		RebuildScriptCaches (0ms)
		SetupLoadedEditorAssemblies (922ms)
			LogAssemblyErrors (0ms)
			InitializePlatformSupportModulesInManaged (48ms)
			SetLoadedEditorAssemblies (6ms)
			RefreshPlugins (0ms)
			BeforeProcessingInitializeOnLoad (137ms)
			ProcessInitializeOnLoadAttributes (439ms)
			ProcessInitializeOnLoadMethodAttributes (281ms)
			AfterProcessingInitializeOnLoad (10ms)
			EditorAssembliesLoaded (0ms)
		ExecutionOrderSort2 (0ms)
		AwakeInstancesAfterBackupRestoration (9ms)
Shader 'MoreMountains/MMRipple': fallback shader 'Particle/AlphaBlended' not found
Refreshing native plugins compatible for Editor in 19.36 ms, found 2 plugins.
Preloading 0 native plugins for Editor in 0.00 ms.
Unloading 5663 Unused Serialized files (Serialized files now loaded: 0)
Unloading 125 unused Assets / (2.6 MB). Loaded Objects now: 6301.
Memory consumption went from 348.9 MB to 346.3 MB.
Total: 9.615700 ms (FindLiveObjects: 0.893000 ms CreateObjectMapping: 0.705100 ms MarkObjects: 6.847100 ms  DeleteObjects: 1.169000 ms)

Prepare: number of updated asset objects reloaded= 0
AssetImportParameters requested are different than current active one (requested -> active):
  custom:container-demuxer-ogg: 62fdf1f143b41e24485cea50d1cbac27 -> 
  custom:video-codec-MediaFoundation-h265: 746d11721c4dcdbdad8f713fa42b33f4 -> 
  custom:video-decoder-ogg-theora: a1e56fd34408186e4bbccfd4996cb3dc -> 
  custom:framework-win-MediaFoundation: 216162199b28c13a410421893ffa2e32 -> 
  custom:CustomObjectIndexerAttribute: 3ead1caaecf1c488f20bcfeb224b6af5 -> 
  custom:container-demuxer-webm: 4f35f7cbe854078d1ac9338744f61a02 -> 
  custom:container-muxer-webm: aa71ff27fc2769a1b78a27578f13a17b -> 
  custom:video-decoder-webm-vp8: 9c59270c3fd7afecdb556c50c9e8de78 -> 
  custom:SearchIndexIgnoredProperties: e643bd26f0fe6173181afceb89e7c659 -> 
  custom:AudioImporter_EditorPlatform: d09bf68614088b80899f8185d706f6e7 -> 
  custom:video-encoder-webm-vp8: eb34c28f22e8b96e1ab97ce403110664 -> 
  custom:audio-decoder-ogg-vorbis: bf7c407c2cedff20999df2af8eb42d56 -> 
  custom:audio-encoder-webm-vorbis: bf7c407c2cedff20999df2af8eb42d56 -> 
========================================================================
Received Prepare
Begin MonoManager ReloadAssembly
Symbol file LoadedFromMemory is not a mono symbol file
- Loaded All Assemblies, in  1.375 seconds
Refreshing native plugins compatible for Editor in 11.26 ms, found 2 plugins.
Native extension for WindowsStandalone target not found
Native extension for Android target not found
Native extension for WebGL target not found
[Package Manager] Server::EnsureServerProcessIsRunning -- launch failed, reason: Unity was launched with the -noUpm command-line argument
[Package Manager] UpmClient::Send -- Unable to send message (not connected to UPM process).
[Package Manager] Cannot connect to Unity Package Manager local server
Mono: successfully reloaded assembly
- Finished resetting the current domain, in  2.428 seconds
Domain Reload Profiling: 3801ms
	BeginReloadAssembly (844ms)
		ExecutionOrderSort (0ms)
		DisableScriptedObjects (8ms)
		BackupInstance (0ms)
		ReleaseScriptingObjects (0ms)
		CreateAndSetChildDomain (57ms)
	RebuildCommonClasses (46ms)
	RebuildNativeTypeToScriptingClass (17ms)
	initialDomainReloadingComplete (45ms)
	LoadAllAssembliesAndSetupDomain (421ms)
		LoadAssemblies (482ms)
		RebuildTransferFunctionScriptingTraits (0ms)
		AnalyzeDomain (43ms)
			TypeCache.Refresh (10ms)
				TypeCache.ScanAssembly (0ms)
			ScanForSourceGeneratedMonoScriptInfo (0ms)
			ResolveRequiredComponents (32ms)
	FinalizeReload (2429ms)
		ReleaseScriptCaches (0ms)
		RebuildScriptCaches (0ms)
		SetupLoadedEditorAssemblies (1035ms)
			LogAssemblyErrors (0ms)
			InitializePlatformSupportModulesInManaged (48ms)
			SetLoadedEditorAssemblies (8ms)
			RefreshPlugins (0ms)
			BeforeProcessingInitializeOnLoad (174ms)
			ProcessInitializeOnLoadAttributes (470ms)
			ProcessInitializeOnLoadMethodAttributes (325ms)
			AfterProcessingInitializeOnLoad (10ms)
			EditorAssembliesLoaded (1ms)
		ExecutionOrderSort2 (0ms)
		AwakeInstancesAfterBackupRestoration (9ms)
Shader 'MoreMountains/MMRipple': fallback shader 'Particle/AlphaBlended' not found
Refreshing native plugins compatible for Editor in 17.05 ms, found 2 plugins.
Preloading 0 native plugins for Editor in 0.00 ms.
Unloading 5663 Unused Serialized files (Serialized files now loaded: 0)
Unloading 125 unused Assets / (2.5 MB). Loaded Objects now: 6304.
Memory consumption went from 348.9 MB to 346.3 MB.
Total: 10.490500 ms (FindLiveObjects: 0.503200 ms CreateObjectMapping: 0.625500 ms MarkObjects: 8.090400 ms  DeleteObjects: 1.269400 ms)

Prepare: number of updated asset objects reloaded= 0
AssetImportParameters requested are different than current active one (requested -> active):
  custom:container-demuxer-ogg: 62fdf1f143b41e24485cea50d1cbac27 -> 
  custom:video-codec-MediaFoundation-h265: 746d11721c4dcdbdad8f713fa42b33f4 -> 
  custom:video-decoder-ogg-theora: a1e56fd34408186e4bbccfd4996cb3dc -> 
  custom:framework-win-MediaFoundation: 216162199b28c13a410421893ffa2e32 -> 
  custom:CustomObjectIndexerAttribute: 3ead1caaecf1c488f20bcfeb224b6af5 -> 
  custom:container-demuxer-webm: 4f35f7cbe854078d1ac9338744f61a02 -> 
  custom:container-muxer-webm: aa71ff27fc2769a1b78a27578f13a17b -> 
  custom:video-decoder-webm-vp8: 9c59270c3fd7afecdb556c50c9e8de78 -> 
  custom:SearchIndexIgnoredProperties: e643bd26f0fe6173181afceb89e7c659 -> 
  custom:AudioImporter_EditorPlatform: d09bf68614088b80899f8185d706f6e7 -> 
  custom:video-encoder-webm-vp8: eb34c28f22e8b96e1ab97ce403110664 -> 
  custom:audio-decoder-ogg-vorbis: bf7c407c2cedff20999df2af8eb42d56 -> 
  custom:audio-encoder-webm-vorbis: bf7c407c2cedff20999df2af8eb42d56 -> 
========================================================================
Received Prepare
Begin MonoManager ReloadAssembly
Symbol file LoadedFromMemory is not a mono symbol file
- Loaded All Assemblies, in  1.663 seconds
Refreshing native plugins compatible for Editor in 26.07 ms, found 2 plugins.
Native extension for WindowsStandalone target not found
Native extension for Android target not found
Native extension for WebGL target not found
[Package Manager] Server::EnsureServerProcessIsRunning -- launch failed, reason: Unity was launched with the -noUpm command-line argument
[Package Manager] UpmClient::Send -- Unable to send message (not connected to UPM process).
[Package Manager] Cannot connect to Unity Package Manager local server
Mono: successfully reloaded assembly
- Finished resetting the current domain, in  2.576 seconds
Domain Reload Profiling: 4236ms
	BeginReloadAssembly (995ms)
		ExecutionOrderSort (0ms)
		DisableScriptedObjects (5ms)
		BackupInstance (0ms)
		ReleaseScriptingObjects (0ms)
		CreateAndSetChildDomain (61ms)
	RebuildCommonClasses (48ms)
	RebuildNativeTypeToScriptingClass (13ms)
	initialDomainReloadingComplete (47ms)
	LoadAllAssembliesAndSetupDomain (557ms)
		LoadAssemblies (577ms)
		RebuildTransferFunctionScriptingTraits (0ms)
		AnalyzeDomain (96ms)
			TypeCache.Refresh (15ms)
				TypeCache.ScanAssembly (0ms)
			ScanForSourceGeneratedMonoScriptInfo (1ms)
			ResolveRequiredComponents (78ms)
	FinalizeReload (2576ms)
		ReleaseScriptCaches (0ms)
		RebuildScriptCaches (0ms)
		SetupLoadedEditorAssemblies (1133ms)
			LogAssemblyErrors (0ms)
			InitializePlatformSupportModulesInManaged (50ms)
			SetLoadedEditorAssemblies (6ms)
			RefreshPlugins (0ms)
			BeforeProcessingInitializeOnLoad (145ms)
			ProcessInitializeOnLoadAttributes (506ms)
			ProcessInitializeOnLoadMethodAttributes (414ms)
			AfterProcessingInitializeOnLoad (13ms)
			EditorAssembliesLoaded (1ms)
		ExecutionOrderSort2 (0ms)
		AwakeInstancesAfterBackupRestoration (13ms)
Shader 'MoreMountains/MMRipple': fallback shader 'Particle/AlphaBlended' not found
Refreshing native plugins compatible for Editor in 19.57 ms, found 2 plugins.
Preloading 0 native plugins for Editor in 0.00 ms.
Unloading 5663 Unused Serialized files (Serialized files now loaded: 0)
Unloading 125 unused Assets / (2.6 MB). Loaded Objects now: 6307.
Memory consumption went from 348.9 MB to 346.3 MB.
Total: 13.845800 ms (FindLiveObjects: 0.858300 ms CreateObjectMapping: 0.691700 ms MarkObjects: 10.701500 ms  DeleteObjects: 1.592200 ms)

Prepare: number of updated asset objects reloaded= 0
AssetImportParameters requested are different than current active one (requested -> active):
  custom:container-demuxer-ogg: 62fdf1f143b41e24485cea50d1cbac27 -> 
  custom:video-codec-MediaFoundation-h265: 746d11721c4dcdbdad8f713fa42b33f4 -> 
  custom:video-decoder-ogg-theora: a1e56fd34408186e4bbccfd4996cb3dc -> 
  custom:framework-win-MediaFoundation: 216162199b28c13a410421893ffa2e32 -> 
  custom:CustomObjectIndexerAttribute: 3ead1caaecf1c488f20bcfeb224b6af5 -> 
  custom:container-demuxer-webm: 4f35f7cbe854078d1ac9338744f61a02 -> 
  custom:container-muxer-webm: aa71ff27fc2769a1b78a27578f13a17b -> 
  custom:video-decoder-webm-vp8: 9c59270c3fd7afecdb556c50c9e8de78 -> 
  custom:SearchIndexIgnoredProperties: e643bd26f0fe6173181afceb89e7c659 -> 
  custom:AudioImporter_EditorPlatform: d09bf68614088b80899f8185d706f6e7 -> 
  custom:video-encoder-webm-vp8: eb34c28f22e8b96e1ab97ce403110664 -> 
  custom:audio-decoder-ogg-vorbis: bf7c407c2cedff20999df2af8eb42d56 -> 
  custom:audio-encoder-webm-vorbis: bf7c407c2cedff20999df2af8eb42d56 -> 
========================================================================
Received Import Request.
  Time since last request: 496.255914 seconds.
  path: Assets/Scripts/AI
  artifactKey: Guid(c81802df9a3d1614d92be158ff809f7a) Importer(815301076,1909f56bfc062723c751e8b465ee728b)
Start importing Assets/Scripts/AI using Guid(c81802df9a3d1614d92be158ff809f7a) Importer(815301076,1909f56bfc062723c751e8b465ee728b)  -> (artifact id: '6c6c202d93c204065f8ddf50b07f36ba') in 0.002139 seconds
Number of updated asset objects reloaded before import = 0
Number of asset objects unloaded after import = 0
========================================================================
Received Import Request.
  Time since last request: 2.046734 seconds.
  path: Assets/Scripts/Buildings
  artifactKey: Guid(cc03ed817c3acc04685d70f8b7f1fa18) Importer(815301076,1909f56bfc062723c751e8b465ee728b)
Start importing Assets/Scripts/Buildings using Guid(cc03ed817c3acc04685d70f8b7f1fa18) Importer(815301076,1909f56bfc062723c751e8b465ee728b)  -> (artifact id: 'd99d771a3f5db5b28927ffc53bbd6421') in 0.000673 seconds
Number of updated asset objects reloaded before import = 0
Number of asset objects unloaded after import = 0
========================================================================
Received Import Request.
  Time since last request: 3.787736 seconds.
  path: Assets/Scripts/Player
  artifactKey: Guid(1fcafb8f26175524abd5abac74dfc6a6) Importer(815301076,1909f56bfc062723c751e8b465ee728b)
Start importing Assets/Scripts/Player using Guid(1fcafb8f26175524abd5abac74dfc6a6) Importer(815301076,1909f56bfc062723c751e8b465ee728b)  -> (artifact id: '2fc84108feb3fd6580cfe87b393d6008') in 0.000908 seconds
Number of updated asset objects reloaded before import = 0
Number of asset objects unloaded after import = 0
========================================================================
Received Import Request.
  Time since last request: 1.764836 seconds.
  path: Assets/Scripts/Player/Static
  artifactKey: Guid(1f0f1c146bb976d4d8374a3b203dd115) Importer(815301076,1909f56bfc062723c751e8b465ee728b)
Start importing Assets/Scripts/Player/Static using Guid(1f0f1c146bb976d4d8374a3b203dd115) Importer(815301076,1909f56bfc062723c751e8b465ee728b)  -> (artifact id: '6ef4f24413cd7b5667fccf54f626277a') in 0.000781 seconds
Number of updated asset objects reloaded before import = 0
Number of asset objects unloaded after import = 0
========================================================================
Received Import Request.
  Time since last request: 1.186186 seconds.
  path: Assets/Scripts/Player/Static/Bullet.cs
  artifactKey: Guid(09c5192d86454a946a7bbdc885062930) Importer(815301076,1909f56bfc062723c751e8b465ee728b)
Start importing Assets/Scripts/Player/Static/Bullet.cs using Guid(09c5192d86454a946a7bbdc885062930) Importer(815301076,1909f56bfc062723c751e8b465ee728b)  -> (artifact id: '314e7aef226da15226bf92f2ffd2f43e') in 0.000607 seconds
Number of updated asset objects reloaded before import = 0
Number of asset objects unloaded after import = 0
========================================================================
Received Import Request.
  Time since last request: 3.218738 seconds.
  path: Assets/Scripts/Player/Static/DefaultMeleeWeapon.cs
  artifactKey: Guid(d1197103985b0424988db3bb9c667485) Importer(815301076,1909f56bfc062723c751e8b465ee728b)
Start importing Assets/Scripts/Player/Static/DefaultMeleeWeapon.cs using Guid(d1197103985b0424988db3bb9c667485) Importer(815301076,1909f56bfc062723c751e8b465ee728b)  -> (artifact id: '7bca6c8e0518c1e6a3f35493488c0a74') in 0.000765 seconds
Number of updated asset objects reloaded before import = 0
Number of asset objects unloaded after import = 0
========================================================================
Received Import Request.
  Time since last request: 3.003240 seconds.
  path: Assets/Scripts/Player/Static/Gun.cs
  artifactKey: Guid(4dbf193a55341924d92d853ee480c41e) Importer(815301076,1909f56bfc062723c751e8b465ee728b)
Start importing Assets/Scripts/Player/Static/Gun.cs using Guid(4dbf193a55341924d92d853ee480c41e) Importer(815301076,1909f56bfc062723c751e8b465ee728b)  -> (artifact id: '2b918a86016f8da71860bf60fda99330') in 0.000589 seconds
Number of updated asset objects reloaded before import = 0
Number of asset objects unloaded after import = 0
========================================================================
Received Import Request.
  Time since last request: 2.726382 seconds.
  path: Assets/Scripts/Player/Static/MeleeWeapon.cs
  artifactKey: Guid(6af4226a4571e2846be31b2f7442e05e) Importer(815301076,1909f56bfc062723c751e8b465ee728b)
Start importing Assets/Scripts/Player/Static/MeleeWeapon.cs using Guid(6af4226a4571e2846be31b2f7442e05e) Importer(815301076,1909f56bfc062723c751e8b465ee728b)  -> (artifact id: '2d4c19b4f829a48f9eec1f299e1b3678') in 0.001097 seconds
Number of updated asset objects reloaded before import = 0
Number of asset objects unloaded after import = 0
========================================================================
Received Import Request.
  Time since last request: 1.157598 seconds.
  path: Assets/Scripts/Player/Static/Player.cs
  artifactKey: Guid(707e6298e91aaf34cb0c2e74cffc69d1) Importer(815301076,1909f56bfc062723c751e8b465ee728b)
Start importing Assets/Scripts/Player/Static/Player.cs using Guid(707e6298e91aaf34cb0c2e74cffc69d1) Importer(815301076,1909f56bfc062723c751e8b465ee728b)  -> (artifact id: '5e75c77f34fb07f52c7bac3c40458620') in 0.000990 seconds
Number of updated asset objects reloaded before import = 0
Number of asset objects unloaded after import = 0
========================================================================
Received Import Request.
  Time since last request: 4.480072 seconds.
  path: Assets/Scripts/Player/Behaviours
  artifactKey: Guid(7565ed4104de0fc44a8c20a3887fbb5a) Importer(815301076,1909f56bfc062723c751e8b465ee728b)
Start importing Assets/Scripts/Player/Behaviours using Guid(7565ed4104de0fc44a8c20a3887fbb5a) Importer(815301076,1909f56bfc062723c751e8b465ee728b)  -> (artifact id: '5977d15e7255a4c13117fefdac0e158b') in 0.000656 seconds
Number of updated asset objects reloaded before import = 0
Number of asset objects unloaded after import = 0
========================================================================
Received Import Request.
  Time since last request: 1.501440 seconds.
  path: Assets/Scripts/Player/Behaviours/Player
  artifactKey: Guid(eacf82b209e24984594764467e39e87a) Importer(815301076,1909f56bfc062723c751e8b465ee728b)
Start importing Assets/Scripts/Player/Behaviours/Player using Guid(eacf82b209e24984594764467e39e87a) Importer(815301076,1909f56bfc062723c751e8b465ee728b)  -> (artifact id: '9871faff89a76f14ad28e91759f38c84') in 0.000590 seconds
Number of updated asset objects reloaded before import = 0
Number of asset objects unloaded after import = 0
========================================================================
Received Import Request.
  Time since last request: 24.117368 seconds.
  path: Assets/Scripts/Player/Models
  artifactKey: Guid(1f0f1c146bb976d4d8374a3b203dd115) Importer(815301076,1909f56bfc062723c751e8b465ee728b)
Start importing Assets/Scripts/Player/Models using Guid(1f0f1c146bb976d4d8374a3b203dd115) Importer(815301076,1909f56bfc062723c751e8b465ee728b)  -> (artifact id: 'ddd53ec625a705beaa961ebd9efda799') in 0.000597 seconds
Number of updated asset objects reloaded before import = 0
Number of asset objects unloaded after import = 0
========================================================================
Received Prepare
Begin MonoManager ReloadAssembly
Symbol file LoadedFromMemory is not a mono symbol file
- Loaded All Assemblies, in  1.460 seconds
Refreshing native plugins compatible for Editor in 12.99 ms, found 2 plugins.
Native extension for WindowsStandalone target not found
Native extension for Android target not found
Native extension for WebGL target not found
[Package Manager] Server::EnsureServerProcessIsRunning -- launch failed, reason: Unity was launched with the -noUpm command-line argument
[Package Manager] UpmClient::Send -- Unable to send message (not connected to UPM process).
[Package Manager] Cannot connect to Unity Package Manager local server
Mono: successfully reloaded assembly
- Finished resetting the current domain, in  1.792 seconds
Domain Reload Profiling: 3248ms
	BeginReloadAssembly (972ms)
		ExecutionOrderSort (0ms)
		DisableScriptedObjects (10ms)
		BackupInstance (0ms)
		ReleaseScriptingObjects (0ms)
		CreateAndSetChildDomain (53ms)
	RebuildCommonClasses (37ms)
	RebuildNativeTypeToScriptingClass (13ms)
	initialDomainReloadingComplete (39ms)
	LoadAllAssembliesAndSetupDomain (394ms)
		LoadAssemblies (408ms)
		RebuildTransferFunctionScriptingTraits (0ms)
		AnalyzeDomain (75ms)
			TypeCache.Refresh (23ms)
				TypeCache.ScanAssembly (4ms)
			ScanForSourceGeneratedMonoScriptInfo (23ms)
			ResolveRequiredComponents (29ms)
	FinalizeReload (1792ms)
		ReleaseScriptCaches (0ms)
		RebuildScriptCaches (0ms)
		SetupLoadedEditorAssemblies (799ms)
			LogAssemblyErrors (0ms)
			InitializePlatformSupportModulesInManaged (30ms)
			SetLoadedEditorAssemblies (4ms)
			RefreshPlugins (0ms)
			BeforeProcessingInitializeOnLoad (114ms)
			ProcessInitializeOnLoadAttributes (405ms)
			ProcessInitializeOnLoadMethodAttributes (237ms)
			AfterProcessingInitializeOnLoad (10ms)
			EditorAssembliesLoaded (1ms)
		ExecutionOrderSort2 (0ms)
		AwakeInstancesAfterBackupRestoration (11ms)
Shader 'MoreMountains/MMRipple': fallback shader 'Particle/AlphaBlended' not found
Refreshing native plugins compatible for Editor in 13.13 ms, found 2 plugins.
Preloading 0 native plugins for Editor in 0.00 ms.
Unloading 5663 Unused Serialized files (Serialized files now loaded: 0)
Unloading 125 unused Assets / (2.5 MB). Loaded Objects now: 6310.
Memory consumption went from 348.9 MB to 346.3 MB.
Total: 12.880700 ms (FindLiveObjects: 0.543100 ms CreateObjectMapping: 0.540200 ms MarkObjects: 10.912000 ms  DeleteObjects: 0.884100 ms)

Prepare: number of updated asset objects reloaded= 0
AssetImportParameters requested are different than current active one (requested -> active):
  custom:container-demuxer-ogg: 62fdf1f143b41e24485cea50d1cbac27 -> 
  custom:video-codec-MediaFoundation-h265: 746d11721c4dcdbdad8f713fa42b33f4 -> 
  custom:video-decoder-ogg-theora: a1e56fd34408186e4bbccfd4996cb3dc -> 
  custom:framework-win-MediaFoundation: 216162199b28c13a410421893ffa2e32 -> 
  custom:CustomObjectIndexerAttribute: 3ead1caaecf1c488f20bcfeb224b6af5 -> 
  custom:container-demuxer-webm: 4f35f7cbe854078d1ac9338744f61a02 -> 
  custom:container-muxer-webm: aa71ff27fc2769a1b78a27578f13a17b -> 
  custom:video-decoder-webm-vp8: 9c59270c3fd7afecdb556c50c9e8de78 -> 
  custom:SearchIndexIgnoredProperties: e643bd26f0fe6173181afceb89e7c659 -> 
  custom:AudioImporter_EditorPlatform: d09bf68614088b80899f8185d706f6e7 -> 
  custom:video-encoder-webm-vp8: eb34c28f22e8b96e1ab97ce403110664 -> 
  custom:audio-decoder-ogg-vorbis: bf7c407c2cedff20999df2af8eb42d56 -> 
  custom:audio-encoder-webm-vorbis: bf7c407c2cedff20999df2af8eb42d56 -> 
